2019-07-10 16:28:56.947 [restartedMain] INFO  o.s.c.a.AnnotationConfigApplicationContext -
				Refreshing org.springframework.context.annotation.AnnotationConfigApplicationContext@7fff5c96: startup date [Wed Jul 10 16:28:56 CST 2019]; root of context hierarchy
2019-07-10 16:28:57.223 [restartedMain] INFO  o.s.b.f.a.AutowiredAnnotationBeanPostProcessor -
				JSR-330 'javax.inject.Inject' annotation found and supported for autowiring
2019-07-10 16:28:57.264 [restartedMain] INFO  o.s.c.s.PostProcessorRegistrationDelegate$BeanPostProcessorChecker -
				Bean 'configurationPropertiesRebinderAutoConfiguration' of type [org.springframework.cloud.autoconfigure.ConfigurationPropertiesRebinderAutoConfiguration$$EnhancerBySpringCGLIB$$4bd3f21e] is not eligible for getting processed by all BeanPostProcessors (for example: not eligible for auto-proxying)
2019-07-10 16:28:58.664 [restartedMain] INFO  com.user.AppUser -
				No active profile set, falling back to default profiles: default
2019-07-10 16:28:58.678 [restartedMain] INFO  o.s.b.w.s.c.AnnotationConfigServletWebServerApplicationContext -
				Refreshing org.springframework.boot.web.servlet.context.AnnotationConfigServletWebServerApplicationContext@4e92b098: startup date [Wed Jul 10 16:28:58 CST 2019]; parent: org.springframework.context.annotation.AnnotationConfigApplicationContext@7fff5c96
2019-07-10 16:29:00.299 [restartedMain] INFO  o.springframework.cloud.context.scope.GenericScope -
				BeanFactory id=fb030ad7-dbc2-37e4-a1f0-c27729238853
2019-07-10 16:29:00.309 [restartedMain] INFO  o.s.b.f.a.AutowiredAnnotationBeanPostProcessor -
				JSR-330 'javax.inject.Inject' annotation found and supported for autowiring
2019-07-10 16:29:00.403 [restartedMain] INFO  o.s.c.s.PostProcessorRegistrationDelegate$BeanPostProcessorChecker -
				Bean 'org.springframework.cloud.autoconfigure.ConfigurationPropertiesRebinderAutoConfiguration' of type [org.springframework.cloud.autoconfigure.ConfigurationPropertiesRebinderAutoConfiguration$$EnhancerBySpringCGLIB$$4bd3f21e] is not eligible for getting processed by all BeanPostProcessors (for example: not eligible for auto-proxying)
2019-07-10 16:29:00.908 [restartedMain] INFO  o.s.boot.web.embedded.tomcat.TomcatWebServer -
				Tomcat initialized with port(s): 8200 (http)
2019-07-10 16:29:00.923 [restartedMain] INFO  org.apache.coyote.http11.Http11NioProtocol -
				Initializing ProtocolHandler ["http-nio-8200"]
2019-07-10 16:29:00.934 [restartedMain] INFO  org.apache.catalina.core.StandardService -
				Starting service [Tomcat]
2019-07-10 16:29:00.934 [restartedMain] INFO  org.apache.catalina.core.StandardEngine -
				Starting Servlet Engine: Apache Tomcat/8.5.32
2019-07-10 16:29:00.944 [localhost-startStop-1] INFO  org.apache.catalina.core.AprLifecycleListener -
				The APR based Apache Tomcat Native library which allows optimal performance in production environments was not found on the java.library.path: [C:\Program Files\Java\JDK\bin;C:\WINDOWS\Sun\Java\bin;C:\WINDOWS\system32;C:\WINDOWS;C:/Program Files/Java/jre1.8.0_211/bin/server;C:/Program Files/Java/jre1.8.0_211/bin;C:/Program Files/Java/jre1.8.0_211/lib/amd64;C:\Program Files (x86)\Common Files\Oracle\Java\javapath;C:\Program Files (x86)\NetSarang\Xshell 6\;C:\WINDOWS\system32;C:\WINDOWS;C:\WINDOWS\System32\Wbem;C:\WINDOWS\System32\WindowsPowerShell\v1.0\;C:\WINDOWS\System32\OpenSSH\;C:\Program Files\nodejs\;C:\Program Files\Git\cmd;C:\Program Files\TortoiseSVN\bin;C:\Program Files (x86)\Windows Kits\8.1\Windows Performance Toolkit\;F:\eclipse\maven\apache-maven-3.6.1\bin;"C:\Program Files\Java\JDK\bin;C:\Program Files\Java\JDK\jre\bin;";"F:\eclipse\apache-tomcat-9.0.20\lib;F:\eclipse\apache-tomcat-9.0.20\bin";F:\software\erl10.4\bin;C:\Users\louis\AppData\Local\Programs\Microsoft VS Code\bin;"F:\software\erl10.4\bin;";;F:\eclipse\eclipse;;.]
2019-07-10 16:29:01.063 [localhost-startStop-1] INFO  o.a.c.core.ContainerBase.[Tomcat].[localhost].[/] -
				Initializing Spring embedded WebApplicationContext
2019-07-10 16:29:01.063 [localhost-startStop-1] INFO  org.springframework.web.context.ContextLoader -
				Root WebApplicationContext: initialization completed in 2385 ms
2019-07-10 16:29:01.274 [localhost-startStop-1] WARN  com.netflix.config.sources.URLConfigurationSource -
				No URLs will be polled as dynamic configuration sources.
2019-07-10 16:29:01.275 [localhost-startStop-1] INFO  com.netflix.config.sources.URLConfigurationSource -
				To enable URLs as dynamic configuration sources, define System property archaius.configurationSource.additionalUrls or make config.properties available on classpath.
2019-07-10 16:29:01.306 [localhost-startStop-1] INFO  com.netflix.config.DynamicPropertyFactory -
				DynamicPropertyFactory is initialized with configuration sources: com.netflix.config.ConcurrentCompositeConfiguration@262f2d2e
2019-07-10 16:29:02.738 [localhost-startStop-1] INFO  org.springframework.cloud.commons.util.InetUtils -
				Cannot determine local hostname
2019-07-10 16:29:03.942 [localhost-startStop-1] INFO  org.springframework.cloud.commons.util.InetUtils -
				Cannot determine local hostname
2019-07-10 16:29:04.413 [localhost-startStop-1] INFO  o.s.boot.web.servlet.FilterRegistrationBean -
				Mapping filter: 'characterEncodingFilter' to: [/*]
2019-07-10 16:29:04.414 [localhost-startStop-1] INFO  o.s.boot.web.servlet.FilterRegistrationBean -
				Mapping filter: 'webMvcMetricsFilter' to: [/*]
2019-07-10 16:29:04.414 [localhost-startStop-1] INFO  o.s.boot.web.servlet.FilterRegistrationBean -
				Mapping filter: 'hiddenHttpMethodFilter' to: [/*]
2019-07-10 16:29:04.415 [localhost-startStop-1] INFO  o.s.boot.web.servlet.FilterRegistrationBean -
				Mapping filter: 'httpPutFormContentFilter' to: [/*]
2019-07-10 16:29:04.415 [localhost-startStop-1] INFO  o.s.boot.web.servlet.FilterRegistrationBean -
				Mapping filter: 'requestContextFilter' to: [/*]
2019-07-10 16:29:04.415 [localhost-startStop-1] INFO  o.s.boot.web.servlet.FilterRegistrationBean -
				Mapping filter: 'httpTraceFilter' to: [/*]
2019-07-10 16:29:04.415 [localhost-startStop-1] INFO  o.s.boot.web.servlet.ServletRegistrationBean -
				Servlet dispatcherServlet mapped to [/]
2019-07-10 16:29:04.810 [restartedMain] INFO  com.alibaba.druid.pool.DruidDataSource -
				{dataSource-1} inited
2019-07-10 16:29:04.864 [restartedMain] WARN  com.netflix.config.sources.URLConfigurationSource -
				No URLs will be polled as dynamic configuration sources.
2019-07-10 16:29:04.864 [restartedMain] INFO  com.netflix.config.sources.URLConfigurationSource -
				To enable URLs as dynamic configuration sources, define System property archaius.configurationSource.additionalUrls or make config.properties available on classpath.
2019-07-10 16:29:04.964 [restartedMain] INFO  o.s.web.servlet.handler.SimpleUrlHandlerMapping -
				Mapped URL path [/**/favicon.ico] onto handler of type [class org.springframework.web.servlet.resource.ResourceHttpRequestHandler]
2019-07-10 16:29:05.231 [restartedMain] INFO  o.s.w.s.m.m.a.RequestMappingHandlerAdapter -
				Looking for @ControllerAdvice: org.springframework.boot.web.servlet.context.AnnotationConfigServletWebServerApplicationContext@4e92b098: startup date [Wed Jul 10 16:28:58 CST 2019]; parent: org.springframework.context.annotation.AnnotationConfigApplicationContext@7fff5c96
2019-07-10 16:29:05.315 [restartedMain] INFO  o.s.w.s.m.m.a.RequestMappingHandlerMapping -
				Mapped "{[/user/del],methods=[PATCH]}" onto public org.springframework.ui.ModelMap com.user.controller.UserController.delUser(java.lang.Long)
2019-07-10 16:29:05.316 [restartedMain] INFO  o.s.w.s.m.m.a.RequestMappingHandlerMapping -
				Mapped "{[/user/user],methods=[PATCH]}" onto public org.springframework.ui.ModelMap com.user.controller.UserController.editUser(com.user.model.UserInfo)
2019-07-10 16:29:05.316 [restartedMain] INFO  o.s.w.s.m.m.a.RequestMappingHandlerMapping -
				Mapped "{[/user/user],methods=[POST]}" onto public org.springframework.ui.ModelMap com.user.controller.UserController.addUser(com.user.model.UserInfo)
2019-07-10 16:29:05.318 [restartedMain] INFO  o.s.w.s.m.m.a.RequestMappingHandlerMapping -
				Mapped "{[/error]}" onto public org.springframework.http.ResponseEntity<java.util.Map<java.lang.String, java.lang.Object>> org.springframework.boot.autoconfigure.web.servlet.error.BasicErrorController.error(javax.servlet.http.HttpServletRequest)
2019-07-10 16:29:05.319 [restartedMain] INFO  o.s.w.s.m.m.a.RequestMappingHandlerMapping -
				Mapped "{[/error],produces=[text/html]}" onto public org.springframework.web.servlet.ModelAndView org.springframework.boot.autoconfigure.web.servlet.error.BasicErrorController.errorHtml(javax.servlet.http.HttpServletRequest,javax.servlet.http.HttpServletResponse)
2019-07-10 16:29:05.351 [restartedMain] INFO  o.s.web.servlet.handler.SimpleUrlHandlerMapping -
				Mapped URL path [/webjars/**] onto handler of type [class org.springframework.web.servlet.resource.ResourceHttpRequestHandler]
2019-07-10 16:29:05.351 [restartedMain] INFO  o.s.web.servlet.handler.SimpleUrlHandlerMapping -
				Mapped URL path [/**] onto handler of type [class org.springframework.web.servlet.resource.ResourceHttpRequestHandler]
2019-07-10 16:29:05.369 [restartedMain] INFO  o.s.w.s.m.m.a.ExceptionHandlerExceptionResolver -
				Detected @ExceptionHandler methods in commonExceptionHandler
2019-07-10 16:29:05.773 [restartedMain] WARN  o.s.b.d.autoconfigure.OptionalLiveReloadServer -
				Unable to start LiveReload server
2019-07-10 16:29:05.972 [restartedMain] INFO  o.s.b.actuate.endpoint.web.EndpointLinksResolver -
				Exposing 2 endpoint(s) beneath base path '/actuator'
2019-07-10 16:29:05.987 [restartedMain] INFO  o.s.b.a.e.web.servlet.WebMvcEndpointHandlerMapping -
				Mapped "{[/actuator/health],methods=[GET],produces=[application/vnd.spring-boot.actuator.v2+json || application/json]}" onto public java.lang.Object org.springframework.boot.actuate.endpoint.web.servlet.AbstractWebMvcEndpointHandlerMapping$OperationHandler.handle(javax.servlet.http.HttpServletRequest,java.util.Map<java.lang.String, java.lang.String>)
2019-07-10 16:29:05.988 [restartedMain] INFO  o.s.b.a.e.web.servlet.WebMvcEndpointHandlerMapping -
				Mapped "{[/actuator/info],methods=[GET],produces=[application/vnd.spring-boot.actuator.v2+json || application/json]}" onto public java.lang.Object org.springframework.boot.actuate.endpoint.web.servlet.AbstractWebMvcEndpointHandlerMapping$OperationHandler.handle(javax.servlet.http.HttpServletRequest,java.util.Map<java.lang.String, java.lang.String>)
2019-07-10 16:29:05.989 [restartedMain] INFO  o.s.b.a.e.web.servlet.WebMvcEndpointHandlerMapping -
				Mapped "{[/actuator],methods=[GET],produces=[application/vnd.spring-boot.actuator.v2+json || application/json]}" onto protected java.util.Map<java.lang.String, java.util.Map<java.lang.String, org.springframework.boot.actuate.endpoint.web.Link>> org.springframework.boot.actuate.endpoint.web.servlet.WebMvcEndpointHandlerMapping.links(javax.servlet.http.HttpServletRequest,javax.servlet.http.HttpServletResponse)
2019-07-10 16:29:06.059 [restartedMain] INFO  o.s.jmx.export.annotation.AnnotationMBeanExporter -
				Registering beans for JMX exposure on startup
2019-07-10 16:29:06.075 [restartedMain] INFO  o.s.jmx.export.annotation.AnnotationMBeanExporter -
				Bean with name 'environmentManager' has been autodetected for JMX exposure
2019-07-10 16:29:06.076 [restartedMain] INFO  o.s.jmx.export.annotation.AnnotationMBeanExporter -
				Bean with name 'configurationPropertiesRebinder' has been autodetected for JMX exposure
2019-07-10 16:29:06.077 [restartedMain] INFO  o.s.jmx.export.annotation.AnnotationMBeanExporter -
				Bean with name 'refreshScope' has been autodetected for JMX exposure
2019-07-10 16:29:06.081 [restartedMain] INFO  o.s.jmx.export.annotation.AnnotationMBeanExporter -
				Located managed bean 'environmentManager': registering with JMX server as MBean [org.springframework.cloud.context.environment:name=environmentManager,type=EnvironmentManager]
2019-07-10 16:29:06.093 [restartedMain] INFO  o.s.jmx.export.annotation.AnnotationMBeanExporter -
				Located managed bean 'refreshScope': registering with JMX server as MBean [org.springframework.cloud.context.scope.refresh:name=refreshScope,type=RefreshScope]
2019-07-10 16:29:06.116 [restartedMain] INFO  o.s.jmx.export.annotation.AnnotationMBeanExporter -
				Located managed bean 'configurationPropertiesRebinder': registering with JMX server as MBean [org.springframework.cloud.context.properties:name=configurationPropertiesRebinder,context=4e92b098,type=ConfigurationPropertiesRebinder]
2019-07-10 16:29:06.137 [restartedMain] INFO  o.s.context.support.DefaultLifecycleProcessor -
				Starting beans in phase 0
2019-07-10 16:29:06.149 [restartedMain] INFO  o.s.cloud.netflix.eureka.InstanceInfoFactory -
				Setting initial instance status as: STARTING
2019-07-10 16:29:06.262 [restartedMain] INFO  com.netflix.discovery.DiscoveryClient -
				Initializing Eureka in region us-east-1
2019-07-10 16:29:06.609 [restartedMain] INFO  c.n.discovery.provider.DiscoveryJerseyProvider -
				Using JSON encoding codec LegacyJacksonJson
2019-07-10 16:29:06.610 [restartedMain] INFO  c.n.discovery.provider.DiscoveryJerseyProvider -
				Using JSON decoding codec LegacyJacksonJson
2019-07-10 16:29:06.798 [restartedMain] INFO  c.n.discovery.provider.DiscoveryJerseyProvider -
				Using XML encoding codec XStreamXml
2019-07-10 16:29:06.799 [restartedMain] INFO  c.n.discovery.provider.DiscoveryJerseyProvider -
				Using XML decoding codec XStreamXml
2019-07-10 16:29:07.086 [restartedMain] INFO  c.n.d.shared.resolver.aws.ConfigClusterResolver -
				Resolving eureka endpoints via configuration
2019-07-10 16:29:07.212 [restartedMain] INFO  com.netflix.discovery.DiscoveryClient -
				Disable delta property : false
2019-07-10 16:29:07.212 [restartedMain] INFO  com.netflix.discovery.DiscoveryClient -
				Single vip registry refresh property : null
2019-07-10 16:29:07.212 [restartedMain] INFO  com.netflix.discovery.DiscoveryClient -
				Force full registry fetch : false
2019-07-10 16:29:07.212 [restartedMain] INFO  com.netflix.discovery.DiscoveryClient -
				Application is null : false
2019-07-10 16:29:07.212 [restartedMain] INFO  com.netflix.discovery.DiscoveryClient -
				Registered Applications size is zero : true
2019-07-10 16:29:07.213 [restartedMain] INFO  com.netflix.discovery.DiscoveryClient -
				Application version is -1: true
2019-07-10 16:29:07.213 [restartedMain] INFO  com.netflix.discovery.DiscoveryClient -
				Getting all instance registry info from the eureka server
2019-07-10 16:29:07.508 [restartedMain] INFO  com.netflix.discovery.DiscoveryClient -
				The response status is 200
2019-07-10 16:29:07.514 [restartedMain] INFO  com.netflix.discovery.DiscoveryClient -
				Starting heartbeat executor: renew interval is: 30
2019-07-10 16:29:07.518 [restartedMain] INFO  com.netflix.discovery.InstanceInfoReplicator -
				InstanceInfoReplicator onDemand update allowed rate per min is 4
2019-07-10 16:29:07.521 [restartedMain] INFO  com.netflix.discovery.DiscoveryClient -
				Discovery Client initialized at timestamp 1562747347520 with initial instances count: 1
2019-07-10 16:29:07.526 [restartedMain] INFO  o.s.c.n.e.serviceregistry.EurekaServiceRegistry -
				Registering application service-user with eureka with status UP
2019-07-10 16:29:07.527 [restartedMain] INFO  com.netflix.discovery.DiscoveryClient -
				Saw local status change event StatusChangeEvent [timestamp=1562747347527, current=UP, previous=STARTING]
2019-07-10 16:29:07.528 [DiscoveryClient-InstanceInfoReplicator-0] INFO  com.netflix.discovery.DiscoveryClient -
				DiscoveryClient_SERVICE-USER/localhost:service-user:8200: registering service...
2019-07-10 16:29:07.546 [restartedMain] INFO  org.apache.coyote.http11.Http11NioProtocol -
				Starting ProtocolHandler ["http-nio-8200"]
2019-07-10 16:29:07.552 [DiscoveryClient-InstanceInfoReplicator-0] INFO  com.netflix.discovery.DiscoveryClient -
				DiscoveryClient_SERVICE-USER/localhost:service-user:8200 - registration status: 204
2019-07-10 16:29:07.558 [restartedMain] INFO  org.apache.tomcat.util.net.NioSelectorPool -
				Using a shared selector for servlet write/read
2019-07-10 16:29:07.584 [restartedMain] INFO  o.s.boot.web.embedded.tomcat.TomcatWebServer -
				Tomcat started on port(s): 8200 (http) with context path ''
2019-07-10 16:29:07.585 [restartedMain] INFO  o.s.c.n.e.s.EurekaAutoServiceRegistration -
				Updating port to 8200
2019-07-10 16:29:07.589 [restartedMain] INFO  com.user.AppUser -
				Started AppUser in 12.274 seconds (JVM running for 13.282)
2019-07-10 16:29:20.940 [http-nio-8200-exec-1] INFO  o.a.c.core.ContainerBase.[Tomcat].[localhost].[/] -
				Initializing Spring FrameworkServlet 'dispatcherServlet'
2019-07-10 16:29:20.940 [http-nio-8200-exec-1] INFO  org.springframework.web.servlet.DispatcherServlet -
				FrameworkServlet 'dispatcherServlet': initialization started
2019-07-10 16:29:20.961 [http-nio-8200-exec-1] INFO  org.springframework.web.servlet.DispatcherServlet -
				FrameworkServlet 'dispatcherServlet': initialization completed in 21 ms
2019-07-10 16:29:20.992 [http-nio-8200-exec-1] INFO  com.user.interceptor.UserInterceptor -
				Springboot Web------------------Wed Jul 10 16:29:20 CST 2019-------------------------------------
Controller      : com.user.controller.UserController.(UserController.java:1)
Method          : addUser
RequestMethod   : POST
Params          : account:dd pwd:dd 
URI             : /user/user
AllURI          : http://localhost:8200/user/user
request IP      : 0:0:0:0:0:0:0:1

2019-07-10 16:34:07.216 [AsyncResolver-bootstrap-executor-0] INFO  c.n.d.shared.resolver.aws.ConfigClusterResolver -
				Resolving eureka endpoints via configuration
2019-07-10 16:39:07.219 [AsyncResolver-bootstrap-executor-0] INFO  c.n.d.shared.resolver.aws.ConfigClusterResolver -
				Resolving eureka endpoints via configuration
2019-07-10 16:44:07.221 [AsyncResolver-bootstrap-executor-0] INFO  c.n.d.shared.resolver.aws.ConfigClusterResolver -
				Resolving eureka endpoints via configuration
2019-07-10 16:49:07.224 [AsyncResolver-bootstrap-executor-0] INFO  c.n.d.shared.resolver.aws.ConfigClusterResolver -
				Resolving eureka endpoints via configuration
2019-07-10 16:54:07.225 [AsyncResolver-bootstrap-executor-0] INFO  c.n.d.shared.resolver.aws.ConfigClusterResolver -
				Resolving eureka endpoints via configuration
2019-07-10 16:59:07.229 [AsyncResolver-bootstrap-executor-0] INFO  c.n.d.shared.resolver.aws.ConfigClusterResolver -
				Resolving eureka endpoints via configuration
2019-07-10 17:04:07.231 [AsyncResolver-bootstrap-executor-0] INFO  c.n.d.shared.resolver.aws.ConfigClusterResolver -
				Resolving eureka endpoints via configuration
2019-07-10 17:09:07.233 [AsyncResolver-bootstrap-executor-0] INFO  c.n.d.shared.resolver.aws.ConfigClusterResolver -
				Resolving eureka endpoints via configuration
2019-07-10 17:14:07.235 [AsyncResolver-bootstrap-executor-0] INFO  c.n.d.shared.resolver.aws.ConfigClusterResolver -
				Resolving eureka endpoints via configuration
2019-07-10 17:19:07.236 [AsyncResolver-bootstrap-executor-0] INFO  c.n.d.shared.resolver.aws.ConfigClusterResolver -
				Resolving eureka endpoints via configuration
2019-07-10 17:24:09.670 [AsyncResolver-bootstrap-executor-0] INFO  c.n.d.shared.resolver.aws.ConfigClusterResolver -
				Resolving eureka endpoints via configuration
2019-07-10 17:29:09.670 [AsyncResolver-bootstrap-executor-0] INFO  c.n.d.shared.resolver.aws.ConfigClusterResolver -
				Resolving eureka endpoints via configuration
2019-07-10 17:34:09.672 [AsyncResolver-bootstrap-executor-0] INFO  c.n.d.shared.resolver.aws.ConfigClusterResolver -
				Resolving eureka endpoints via configuration
2019-07-10 17:39:09.674 [AsyncResolver-bootstrap-executor-0] INFO  c.n.d.shared.resolver.aws.ConfigClusterResolver -
				Resolving eureka endpoints via configuration
2019-07-10 17:44:09.675 [AsyncResolver-bootstrap-executor-0] INFO  c.n.d.shared.resolver.aws.ConfigClusterResolver -
				Resolving eureka endpoints via configuration
2019-07-10 17:49:09.678 [AsyncResolver-bootstrap-executor-0] INFO  c.n.d.shared.resolver.aws.ConfigClusterResolver -
				Resolving eureka endpoints via configuration
2019-07-10 17:54:09.681 [AsyncResolver-bootstrap-executor-0] INFO  c.n.d.shared.resolver.aws.ConfigClusterResolver -
				Resolving eureka endpoints via configuration
2019-07-10 17:59:09.684 [AsyncResolver-bootstrap-executor-0] INFO  c.n.d.shared.resolver.aws.ConfigClusterResolver -
				Resolving eureka endpoints via configuration
2019-07-10 18:04:09.687 [AsyncResolver-bootstrap-executor-0] INFO  c.n.d.shared.resolver.aws.ConfigClusterResolver -
				Resolving eureka endpoints via configuration
