2020-04-15 10:07:33.605 [restartedMain] INFO  com.shop.ShopApp -
                Starting ShopApp on DESKTOP-IAES0UT with PID 5020 (C:\kyProject\springcloud\cloud-provider\provider-shop\target\classes started by lh001 in C:\kyProject\springcloud\cloud-provider\provider-shop)
2020-04-15 10:07:33.610 [restartedMain] INFO  com.shop.ShopApp -
                No active profile set, falling back to default profiles: default
2020-04-15 10:07:33.684 [restartedMain] INFO  o.s.b.w.s.c.AnnotationConfigServletWebServerApplicationContext -
                Refreshing org.springframework.boot.web.servlet.context.AnnotationConfigServletWebServerApplicationContext@eeedb7a: startup date [Wed Apr 15 10:07:33 CST 2020]; root of context hierarchy
2020-04-15 10:07:34.441 [restartedMain] INFO  o.s.d.r.config.RepositoryConfigurationDelegate -
                Multiple Spring Data modules found, entering strict repository configuration mode!
2020-04-15 10:07:35.168 [restartedMain] INFO  o.s.boot.web.embedded.tomcat.TomcatWebServer -
                Tomcat initialized with port(s): 8520 (http)
2020-04-15 10:07:35.179 [restartedMain] INFO  org.apache.coyote.http11.Http11NioProtocol -
                Initializing ProtocolHandler ["http-nio-8520"]
2020-04-15 10:07:35.187 [restartedMain] INFO  org.apache.catalina.core.StandardService -
                Starting service [Tomcat]
2020-04-15 10:07:35.188 [restartedMain] INFO  org.apache.catalina.core.StandardEngine -
                Starting Servlet Engine: Apache Tomcat/8.5.32
2020-04-15 10:07:35.192 [localhost-startStop-1] INFO  org.apache.catalina.core.AprLifecycleListener -
                Loaded APR based Apache Tomcat Native library [1.2.16] using APR version [1.6.3].
2020-04-15 10:07:35.192 [localhost-startStop-1] INFO  org.apache.catalina.core.AprLifecycleListener -
                APR capabilities: IPv6 [true], sendfile [true], accept filters [false], random [true].
2020-04-15 10:07:35.193 [localhost-startStop-1] INFO  org.apache.catalina.core.AprLifecycleListener -
                APR/OpenSSL configuration: useAprConnector [false], useOpenSSL [true]
2020-04-15 10:07:36.220 [localhost-startStop-1] INFO  org.apache.catalina.core.AprLifecycleListener -
                OpenSSL successfully initialized [OpenSSL 1.0.2m  2 Nov 2017]
2020-04-15 10:07:36.298 [localhost-startStop-1] INFO  o.a.c.core.ContainerBase.[Tomcat].[localhost].[/] -
                Initializing Spring embedded WebApplicationContext
2020-04-15 10:07:36.298 [localhost-startStop-1] INFO  org.springframework.web.context.ContextLoader -
                Root WebApplicationContext: initialization completed in 2614 ms
2020-04-15 10:07:36.363 [localhost-startStop-1] INFO  o.s.boot.web.servlet.ServletRegistrationBean -
                Servlet dispatcherServlet mapped to [/]
2020-04-15 10:07:36.367 [localhost-startStop-1] INFO  o.s.boot.web.servlet.FilterRegistrationBean -
                Mapping filter: 'characterEncodingFilter' to: [/*]
2020-04-15 10:07:36.368 [localhost-startStop-1] INFO  o.s.boot.web.servlet.FilterRegistrationBean -
                Mapping filter: 'hiddenHttpMethodFilter' to: [/*]
2020-04-15 10:07:36.368 [localhost-startStop-1] INFO  o.s.boot.web.servlet.FilterRegistrationBean -
                Mapping filter: 'httpPutFormContentFilter' to: [/*]
2020-04-15 10:07:36.368 [localhost-startStop-1] INFO  o.s.boot.web.servlet.FilterRegistrationBean -
                Mapping filter: 'requestContextFilter' to: [/*]
2020-04-15 10:07:36.776 [restartedMain] INFO  o.s.web.servlet.handler.SimpleUrlHandlerMapping -
                Mapped URL path [/**/favicon.ico] onto handler of type [class org.springframework.web.servlet.resource.ResourceHttpRequestHandler]
2020-04-15 10:07:36.997 [restartedMain] INFO  o.s.w.s.m.m.a.RequestMappingHandlerAdapter -
                Looking for @ControllerAdvice: org.springframework.boot.web.servlet.context.AnnotationConfigServletWebServerApplicationContext@eeedb7a: startup date [Wed Apr 15 10:07:33 CST 2020]; root of context hierarchy
2020-04-15 10:07:37.055 [restartedMain] INFO  o.s.w.s.m.m.a.RequestMappingHandlerMapping -
                Mapped "{[/test],methods=[GET]}" onto private void com.shop.controller.OrderController.test()
2020-04-15 10:07:37.058 [restartedMain] INFO  o.s.w.s.m.m.a.RequestMappingHandlerMapping -
                Mapped "{[/error]}" onto public org.springframework.http.ResponseEntity<java.util.Map<java.lang.String, java.lang.Object>> org.springframework.boot.autoconfigure.web.servlet.error.BasicErrorController.error(javax.servlet.http.HttpServletRequest)
2020-04-15 10:07:37.059 [restartedMain] INFO  o.s.w.s.m.m.a.RequestMappingHandlerMapping -
                Mapped "{[/error],produces=[text/html]}" onto public org.springframework.web.servlet.ModelAndView org.springframework.boot.autoconfigure.web.servlet.error.BasicErrorController.errorHtml(javax.servlet.http.HttpServletRequest,javax.servlet.http.HttpServletResponse)
2020-04-15 10:07:37.090 [restartedMain] INFO  o.s.web.servlet.handler.SimpleUrlHandlerMapping -
                Mapped URL path [/webjars/**] onto handler of type [class org.springframework.web.servlet.resource.ResourceHttpRequestHandler]
2020-04-15 10:07:37.090 [restartedMain] INFO  o.s.web.servlet.handler.SimpleUrlHandlerMapping -
                Mapped URL path [/**] onto handler of type [class org.springframework.web.servlet.resource.ResourceHttpRequestHandler]
2020-04-15 10:07:37.411 [restartedMain] WARN  o.s.b.d.autoconfigure.OptionalLiveReloadServer -
                Unable to start LiveReload server
2020-04-15 10:07:37.436 [restartedMain] INFO  o.s.jmx.export.annotation.AnnotationMBeanExporter -
                Registering beans for JMX exposure on startup
2020-04-15 10:07:37.448 [restartedMain] INFO  org.apache.coyote.http11.Http11NioProtocol -
                Starting ProtocolHandler ["http-nio-8520"]
2020-04-15 10:07:37.458 [restartedMain] INFO  org.apache.tomcat.util.net.NioSelectorPool -
                Using a shared selector for servlet write/read
2020-04-15 10:07:37.474 [restartedMain] INFO  o.s.boot.web.embedded.tomcat.TomcatWebServer -
                Tomcat started on port(s): 8520 (http) with context path ''
2020-04-15 10:07:37.477 [restartedMain] INFO  com.shop.ShopApp -
                Started ShopApp in 4.339 seconds (JVM running for 5.462)
2020-04-15 10:14:54.257 [Thread-2] INFO  o.s.b.w.s.c.AnnotationConfigServletWebServerApplicationContext -
                Closing org.springframework.boot.web.servlet.context.AnnotationConfigServletWebServerApplicationContext@eeedb7a: startup date [Wed Apr 15 10:07:33 CST 2020]; root of context hierarchy
2020-04-15 10:14:54.261 [Thread-2] INFO  o.s.jmx.export.annotation.AnnotationMBeanExporter -
                Unregistering JMX-exposed beans on shutdown
2020-04-15 10:15:01.861 [restartedMain] INFO  com.shop.ShopApp -
                Starting ShopApp on DESKTOP-IAES0UT with PID 5020 (C:\kyProject\springcloud\cloud-provider\provider-shop\target\classes started by lh001 in C:\kyProject\springcloud\cloud-provider\provider-shop)
2020-04-15 10:15:01.862 [restartedMain] INFO  com.shop.ShopApp -
                No active profile set, falling back to default profiles: default
2020-04-15 10:15:01.867 [restartedMain] INFO  o.s.b.w.s.c.AnnotationConfigServletWebServerApplicationContext -
                Refreshing org.springframework.boot.web.servlet.context.AnnotationConfigServletWebServerApplicationContext@4a0d78fd: startup date [Wed Apr 15 10:15:01 CST 2020]; root of context hierarchy
2020-04-15 10:15:02.364 [restartedMain] INFO  o.s.d.r.config.RepositoryConfigurationDelegate -
                Multiple Spring Data modules found, entering strict repository configuration mode!
2020-04-15 10:15:02.533 [restartedMain] INFO  o.s.boot.web.embedded.tomcat.TomcatWebServer -
                Tomcat initialized with port(s): 8520 (http)
2020-04-15 10:15:02.534 [restartedMain] INFO  org.apache.catalina.core.StandardService -
                Starting service [Tomcat]
2020-04-15 10:15:02.534 [restartedMain] INFO  org.apache.catalina.core.StandardEngine -
                Starting Servlet Engine: Apache Tomcat/8.5.32
2020-04-15 10:15:02.536 [localhost-startStop-1] INFO  org.apache.catalina.core.AprLifecycleListener -
                Loaded APR based Apache Tomcat Native library [1.2.16] using APR version [1.6.3].
2020-04-15 10:15:02.537 [localhost-startStop-1] INFO  org.apache.catalina.core.AprLifecycleListener -
                APR capabilities: IPv6 [true], sendfile [true], accept filters [false], random [true].
2020-04-15 10:15:02.537 [localhost-startStop-1] INFO  org.apache.catalina.core.AprLifecycleListener -
                APR/OpenSSL configuration: useAprConnector [false], useOpenSSL [true]
2020-04-15 10:15:02.537 [localhost-startStop-1] INFO  org.apache.catalina.core.AprLifecycleListener -
                OpenSSL successfully initialized [OpenSSL 1.0.2m  2 Nov 2017]
2020-04-15 10:15:02.562 [localhost-startStop-1] INFO  o.a.c.core.ContainerBase.[Tomcat].[localhost].[/] -
                Initializing Spring embedded WebApplicationContext
2020-04-15 10:15:02.562 [localhost-startStop-1] INFO  org.springframework.web.context.ContextLoader -
                Root WebApplicationContext: initialization completed in 695 ms
2020-04-15 10:15:02.576 [localhost-startStop-1] INFO  o.s.boot.web.servlet.ServletRegistrationBean -
                Servlet dispatcherServlet mapped to [/]
2020-04-15 10:15:02.577 [localhost-startStop-1] INFO  o.s.boot.web.servlet.FilterRegistrationBean -
                Mapping filter: 'characterEncodingFilter' to: [/*]
2020-04-15 10:15:02.577 [localhost-startStop-1] INFO  o.s.boot.web.servlet.FilterRegistrationBean -
                Mapping filter: 'hiddenHttpMethodFilter' to: [/*]
2020-04-15 10:15:02.578 [localhost-startStop-1] INFO  o.s.boot.web.servlet.FilterRegistrationBean -
                Mapping filter: 'httpPutFormContentFilter' to: [/*]
2020-04-15 10:15:02.578 [localhost-startStop-1] INFO  o.s.boot.web.servlet.FilterRegistrationBean -
                Mapping filter: 'requestContextFilter' to: [/*]
2020-04-15 10:15:02.605 [restartedMain] INFO  o.s.web.servlet.handler.SimpleUrlHandlerMapping -
                Mapped URL path [/**/favicon.ico] onto handler of type [class org.springframework.web.servlet.resource.ResourceHttpRequestHandler]
2020-04-15 10:15:02.650 [restartedMain] INFO  o.s.w.s.m.m.a.RequestMappingHandlerAdapter -
                Looking for @ControllerAdvice: org.springframework.boot.web.servlet.context.AnnotationConfigServletWebServerApplicationContext@4a0d78fd: startup date [Wed Apr 15 10:15:01 CST 2020]; root of context hierarchy
2020-04-15 10:15:02.658 [restartedMain] INFO  o.s.w.s.m.m.a.RequestMappingHandlerMapping -
                Mapped "{[/error]}" onto public org.springframework.http.ResponseEntity<java.util.Map<java.lang.String, java.lang.Object>> org.springframework.boot.autoconfigure.web.servlet.error.BasicErrorController.error(javax.servlet.http.HttpServletRequest)
2020-04-15 10:15:02.659 [restartedMain] INFO  o.s.w.s.m.m.a.RequestMappingHandlerMapping -
                Mapped "{[/error],produces=[text/html]}" onto public org.springframework.web.servlet.ModelAndView org.springframework.boot.autoconfigure.web.servlet.error.BasicErrorController.errorHtml(javax.servlet.http.HttpServletRequest,javax.servlet.http.HttpServletResponse)
2020-04-15 10:15:02.665 [restartedMain] INFO  o.s.web.servlet.handler.SimpleUrlHandlerMapping -
                Mapped URL path [/webjars/**] onto handler of type [class org.springframework.web.servlet.resource.ResourceHttpRequestHandler]
2020-04-15 10:15:02.666 [restartedMain] INFO  o.s.web.servlet.handler.SimpleUrlHandlerMapping -
                Mapped URL path [/**] onto handler of type [class org.springframework.web.servlet.resource.ResourceHttpRequestHandler]
2020-04-15 10:15:02.723 [restartedMain] WARN  o.s.b.d.autoconfigure.OptionalLiveReloadServer -
                Unable to start LiveReload server
2020-04-15 10:15:02.739 [restartedMain] INFO  o.s.jmx.export.annotation.AnnotationMBeanExporter -
                Registering beans for JMX exposure on startup
2020-04-15 10:15:02.754 [restartedMain] INFO  o.s.boot.web.embedded.tomcat.TomcatWebServer -
                Tomcat started on port(s): 8520 (http) with context path ''
2020-04-15 10:15:02.755 [restartedMain] INFO  com.shop.ShopApp -
                Started ShopApp in 0.961 seconds (JVM running for 450.741)
2020-04-15 10:15:02.757 [restartedMain] INFO  o.s.b.d.a.ConditionEvaluationDeltaLoggingListener -
                Condition evaluation unchanged
2020-04-15 10:15:04.137 [Thread-26] INFO  o.s.b.w.s.c.AnnotationConfigServletWebServerApplicationContext -
                Closing org.springframework.boot.web.servlet.context.AnnotationConfigServletWebServerApplicationContext@4a0d78fd: startup date [Wed Apr 15 10:15:01 CST 2020]; root of context hierarchy
2020-04-15 10:15:04.145 [Thread-26] INFO  o.s.jmx.export.annotation.AnnotationMBeanExporter -
                Unregistering JMX-exposed beans on shutdown
2020-04-15 10:15:04.889 [restartedMain] INFO  com.shop.ShopApp -
                Starting ShopApp on DESKTOP-IAES0UT with PID 5020 (C:\kyProject\springcloud\cloud-provider\provider-shop\target\classes started by lh001 in C:\kyProject\springcloud\cloud-provider\provider-shop)
2020-04-15 10:15:04.890 [restartedMain] INFO  com.shop.ShopApp -
                No active profile set, falling back to default profiles: default
2020-04-15 10:15:04.894 [restartedMain] INFO  o.s.b.w.s.c.AnnotationConfigServletWebServerApplicationContext -
                Refreshing org.springframework.boot.web.servlet.context.AnnotationConfigServletWebServerApplicationContext@a218f0: startup date [Wed Apr 15 10:15:04 CST 2020]; root of context hierarchy
2020-04-15 10:15:05.336 [restartedMain] INFO  o.s.d.r.config.RepositoryConfigurationDelegate -
                Multiple Spring Data modules found, entering strict repository configuration mode!
2020-04-15 10:15:05.560 [restartedMain] INFO  o.s.boot.web.embedded.tomcat.TomcatWebServer -
                Tomcat initialized with port(s): 8520 (http)
2020-04-15 10:15:05.562 [restartedMain] INFO  org.apache.catalina.core.StandardService -
                Starting service [Tomcat]
2020-04-15 10:15:05.562 [restartedMain] INFO  org.apache.catalina.core.StandardEngine -
                Starting Servlet Engine: Apache Tomcat/8.5.32
2020-04-15 10:15:05.588 [localhost-startStop-1] INFO  org.apache.catalina.core.AprLifecycleListener -
                Loaded APR based Apache Tomcat Native library [1.2.16] using APR version [1.6.3].
2020-04-15 10:15:05.595 [localhost-startStop-1] INFO  org.apache.catalina.core.AprLifecycleListener -
                APR capabilities: IPv6 [true], sendfile [true], accept filters [false], random [true].
2020-04-15 10:15:05.596 [localhost-startStop-1] INFO  org.apache.catalina.core.AprLifecycleListener -
                APR/OpenSSL configuration: useAprConnector [false], useOpenSSL [true]
2020-04-15 10:15:05.596 [localhost-startStop-1] INFO  org.apache.catalina.core.AprLifecycleListener -
                OpenSSL successfully initialized [OpenSSL 1.0.2m  2 Nov 2017]
2020-04-15 10:15:05.650 [localhost-startStop-1] INFO  o.a.c.core.ContainerBase.[Tomcat].[localhost].[/] -
                Initializing Spring embedded WebApplicationContext
2020-04-15 10:15:05.651 [localhost-startStop-1] INFO  org.springframework.web.context.ContextLoader -
                Root WebApplicationContext: initialization completed in 757 ms
2020-04-15 10:15:05.678 [localhost-startStop-1] INFO  o.s.boot.web.servlet.ServletRegistrationBean -
                Servlet dispatcherServlet mapped to [/]
2020-04-15 10:15:05.681 [localhost-startStop-1] INFO  o.s.boot.web.servlet.FilterRegistrationBean -
                Mapping filter: 'characterEncodingFilter' to: [/*]
2020-04-15 10:15:05.681 [localhost-startStop-1] INFO  o.s.boot.web.servlet.FilterRegistrationBean -
                Mapping filter: 'hiddenHttpMethodFilter' to: [/*]
2020-04-15 10:15:05.681 [localhost-startStop-1] INFO  o.s.boot.web.servlet.FilterRegistrationBean -
                Mapping filter: 'httpPutFormContentFilter' to: [/*]
2020-04-15 10:15:05.682 [localhost-startStop-1] INFO  o.s.boot.web.servlet.FilterRegistrationBean -
                Mapping filter: 'requestContextFilter' to: [/*]
2020-04-15 10:15:05.834 [restartedMain] INFO  o.s.web.servlet.handler.SimpleUrlHandlerMapping -
                Mapped URL path [/**/favicon.ico] onto handler of type [class org.springframework.web.servlet.resource.ResourceHttpRequestHandler]
2020-04-15 10:15:05.946 [restartedMain] INFO  o.s.w.s.m.m.a.RequestMappingHandlerAdapter -
                Looking for @ControllerAdvice: org.springframework.boot.web.servlet.context.AnnotationConfigServletWebServerApplicationContext@a218f0: startup date [Wed Apr 15 10:15:04 CST 2020]; root of context hierarchy
2020-04-15 10:15:05.962 [restartedMain] INFO  o.s.w.s.m.m.a.RequestMappingHandlerMapping -
                Mapped "{[/test],methods=[GET]}" onto private void com.shop.controller.OrderController.test()
2020-04-15 10:15:05.966 [restartedMain] INFO  o.s.w.s.m.m.a.RequestMappingHandlerMapping -
                Mapped "{[/error]}" onto public org.springframework.http.ResponseEntity<java.util.Map<java.lang.String, java.lang.Object>> org.springframework.boot.autoconfigure.web.servlet.error.BasicErrorController.error(javax.servlet.http.HttpServletRequest)
2020-04-15 10:15:05.966 [restartedMain] INFO  o.s.w.s.m.m.a.RequestMappingHandlerMapping -
                Mapped "{[/error],produces=[text/html]}" onto public org.springframework.web.servlet.ModelAndView org.springframework.boot.autoconfigure.web.servlet.error.BasicErrorController.errorHtml(javax.servlet.http.HttpServletRequest,javax.servlet.http.HttpServletResponse)
2020-04-15 10:15:05.986 [restartedMain] INFO  o.s.web.servlet.handler.SimpleUrlHandlerMapping -
                Mapped URL path [/webjars/**] onto handler of type [class org.springframework.web.servlet.resource.ResourceHttpRequestHandler]
2020-04-15 10:15:05.986 [restartedMain] INFO  o.s.web.servlet.handler.SimpleUrlHandlerMapping -
                Mapped URL path [/**] onto handler of type [class org.springframework.web.servlet.resource.ResourceHttpRequestHandler]
2020-04-15 10:15:06.103 [restartedMain] WARN  o.s.b.d.autoconfigure.OptionalLiveReloadServer -
                Unable to start LiveReload server
2020-04-15 10:15:06.131 [restartedMain] INFO  o.s.jmx.export.annotation.AnnotationMBeanExporter -
                Registering beans for JMX exposure on startup
2020-04-15 10:15:06.152 [restartedMain] INFO  o.s.boot.web.embedded.tomcat.TomcatWebServer -
                Tomcat started on port(s): 8520 (http) with context path ''
2020-04-15 10:15:06.153 [restartedMain] INFO  com.shop.ShopApp -
                Started ShopApp in 1.341 seconds (JVM running for 454.138)
2020-04-15 10:15:06.155 [restartedMain] INFO  o.s.b.d.a.ConditionEvaluationDeltaLoggingListener -
                Condition evaluation delta:


==========================
CONDITION EVALUATION DELTA
==========================


Positive matches:
-----------------

   CacheAutoConfiguration matched:
      - @ConditionalOnClass found required class 'org.springframework.cache.CacheManager'; @ConditionalOnMissingClass did not find unwanted class (OnClassCondition)
      - @ConditionalOnBean (types: org.springframework.cache.interceptor.CacheAspectSupport; SearchStrategy: all) found bean 'cacheInterceptor'; @ConditionalOnMissingBean (names: cacheResolver; types: org.springframework.cache.CacheManager; SearchStrategy: all) did not find any beans (OnBeanCondition)

   CacheAutoConfiguration#cacheManagerCustomizers matched:
      - @ConditionalOnMissingBean (types: org.springframework.boot.autoconfigure.cache.CacheManagerCustomizers; SearchStrategy: all) did not find any beans (OnBeanCondition)


Negative matches:
-----------------

   GenericCacheConfiguration:
      Did not match:
         - @ConditionalOnBean (types: org.springframework.cache.Cache; SearchStrategy: all) did not find any beans of type org.springframework.cache.Cache (OnBeanCondition)
      Matched:
         - Cache org.springframework.boot.autoconfigure.cache.GenericCacheConfiguration automatic cache type (CacheCondition)

   NoOpCacheConfiguration:
      Did not match:
         - @ConditionalOnMissingBean (types: org.springframework.cache.CacheManager; SearchStrategy: all) found beans of type 'org.springframework.cache.CacheManager' cacheManager (OnBeanCondition)
      Matched:
         - Cache org.springframework.boot.autoconfigure.cache.NoOpCacheConfiguration automatic cache type (CacheCondition)

   RedisAutoConfiguration#redisTemplate:
      Did not match:
         - @ConditionalOnMissingBean (names: redisTemplate; SearchStrategy: all) found beans named redisTemplate (OnBeanCondition)

   SimpleCacheConfiguration:
      Did not match:
         - @ConditionalOnMissingBean (types: org.springframework.cache.CacheManager; SearchStrategy: all) found beans of type 'org.springframework.cache.CacheManager' cacheManager (OnBeanCondition)
      Matched:
         - Cache org.springframework.boot.autoconfigure.cache.SimpleCacheConfiguration automatic cache type (CacheCondition)


Exclusions:
-----------

    None


Unconditional classes:
----------------------

    None



2020-04-15 10:15:09.647 [Thread-32] INFO  o.s.b.w.s.c.AnnotationConfigServletWebServerApplicationContext -
                Closing org.springframework.boot.web.servlet.context.AnnotationConfigServletWebServerApplicationContext@a218f0: startup date [Wed Apr 15 10:15:04 CST 2020]; root of context hierarchy
2020-04-15 10:15:09.654 [Thread-32] INFO  o.s.jmx.export.annotation.AnnotationMBeanExporter -
                Unregistering JMX-exposed beans on shutdown
2020-04-15 10:15:19.199 [restartedMain] INFO  com.shop.ShopApp -
                Starting ShopApp on DESKTOP-IAES0UT with PID 5020 (C:\kyProject\springcloud\cloud-provider\provider-shop\target\classes started by lh001 in C:\kyProject\springcloud\cloud-provider\provider-shop)
2020-04-15 10:15:19.200 [restartedMain] INFO  com.shop.ShopApp -
                No active profile set, falling back to default profiles: default
2020-04-15 10:15:19.204 [restartedMain] INFO  o.s.b.w.s.c.AnnotationConfigServletWebServerApplicationContext -
                Refreshing org.springframework.boot.web.servlet.context.AnnotationConfigServletWebServerApplicationContext@2589fa8b: startup date [Wed Apr 15 10:15:19 CST 2020]; root of context hierarchy
2020-04-15 10:15:19.713 [restartedMain] INFO  o.s.d.r.config.RepositoryConfigurationDelegate -
                Multiple Spring Data modules found, entering strict repository configuration mode!
2020-04-15 10:15:19.922 [restartedMain] INFO  o.s.boot.web.embedded.tomcat.TomcatWebServer -
                Tomcat initialized with port(s): 8520 (http)
2020-04-15 10:15:19.923 [restartedMain] INFO  org.apache.catalina.core.StandardService -
                Starting service [Tomcat]
2020-04-15 10:15:19.923 [restartedMain] INFO  org.apache.catalina.core.StandardEngine -
                Starting Servlet Engine: Apache Tomcat/8.5.32
2020-04-15 10:15:19.928 [localhost-startStop-1] INFO  org.apache.catalina.core.AprLifecycleListener -
                Loaded APR based Apache Tomcat Native library [1.2.16] using APR version [1.6.3].
2020-04-15 10:15:19.932 [localhost-startStop-1] INFO  org.apache.catalina.core.AprLifecycleListener -
                APR capabilities: IPv6 [true], sendfile [true], accept filters [false], random [true].
2020-04-15 10:15:19.933 [localhost-startStop-1] INFO  org.apache.catalina.core.AprLifecycleListener -
                APR/OpenSSL configuration: useAprConnector [false], useOpenSSL [true]
2020-04-15 10:15:19.933 [localhost-startStop-1] INFO  org.apache.catalina.core.AprLifecycleListener -
                OpenSSL successfully initialized [OpenSSL 1.0.2m  2 Nov 2017]
2020-04-15 10:15:19.965 [localhost-startStop-1] INFO  o.a.c.core.ContainerBase.[Tomcat].[localhost].[/] -
                Initializing Spring embedded WebApplicationContext
2020-04-15 10:15:19.965 [localhost-startStop-1] INFO  org.springframework.web.context.ContextLoader -
                Root WebApplicationContext: initialization completed in 761 ms
2020-04-15 10:15:19.981 [localhost-startStop-1] INFO  o.s.boot.web.servlet.ServletRegistrationBean -
                Servlet dispatcherServlet mapped to [/]
2020-04-15 10:15:19.981 [localhost-startStop-1] INFO  o.s.boot.web.servlet.FilterRegistrationBean -
                Mapping filter: 'characterEncodingFilter' to: [/*]
2020-04-15 10:15:19.982 [localhost-startStop-1] INFO  o.s.boot.web.servlet.FilterRegistrationBean -
                Mapping filter: 'hiddenHttpMethodFilter' to: [/*]
2020-04-15 10:15:19.982 [localhost-startStop-1] INFO  o.s.boot.web.servlet.FilterRegistrationBean -
                Mapping filter: 'httpPutFormContentFilter' to: [/*]
2020-04-15 10:15:19.982 [localhost-startStop-1] INFO  o.s.boot.web.servlet.FilterRegistrationBean -
                Mapping filter: 'requestContextFilter' to: [/*]
2020-04-15 10:15:20.014 [restartedMain] INFO  o.s.web.servlet.handler.SimpleUrlHandlerMapping -
                Mapped URL path [/**/favicon.ico] onto handler of type [class org.springframework.web.servlet.resource.ResourceHttpRequestHandler]
2020-04-15 10:15:20.068 [restartedMain] INFO  o.s.w.s.m.m.a.RequestMappingHandlerAdapter -
                Looking for @ControllerAdvice: org.springframework.boot.web.servlet.context.AnnotationConfigServletWebServerApplicationContext@2589fa8b: startup date [Wed Apr 15 10:15:19 CST 2020]; root of context hierarchy
2020-04-15 10:15:20.091 [restartedMain] INFO  o.s.w.s.m.m.a.RequestMappingHandlerMapping -
                Mapped "{[/error]}" onto public org.springframework.http.ResponseEntity<java.util.Map<java.lang.String, java.lang.Object>> org.springframework.boot.autoconfigure.web.servlet.error.BasicErrorController.error(javax.servlet.http.HttpServletRequest)
2020-04-15 10:15:20.093 [restartedMain] INFO  o.s.w.s.m.m.a.RequestMappingHandlerMapping -
                Mapped "{[/error],produces=[text/html]}" onto public org.springframework.web.servlet.ModelAndView org.springframework.boot.autoconfigure.web.servlet.error.BasicErrorController.errorHtml(javax.servlet.http.HttpServletRequest,javax.servlet.http.HttpServletResponse)
2020-04-15 10:15:20.103 [restartedMain] INFO  o.s.web.servlet.handler.SimpleUrlHandlerMapping -
                Mapped URL path [/webjars/**] onto handler of type [class org.springframework.web.servlet.resource.ResourceHttpRequestHandler]
2020-04-15 10:15:20.104 [restartedMain] INFO  o.s.web.servlet.handler.SimpleUrlHandlerMapping -
                Mapped URL path [/**] onto handler of type [class org.springframework.web.servlet.resource.ResourceHttpRequestHandler]
2020-04-15 10:15:20.169 [restartedMain] WARN  o.s.b.d.autoconfigure.OptionalLiveReloadServer -
                Unable to start LiveReload server
2020-04-15 10:15:20.184 [restartedMain] INFO  o.s.jmx.export.annotation.AnnotationMBeanExporter -
                Registering beans for JMX exposure on startup
2020-04-15 10:15:20.195 [restartedMain] INFO  o.s.boot.web.embedded.tomcat.TomcatWebServer -
                Tomcat started on port(s): 8520 (http) with context path ''
2020-04-15 10:15:20.196 [restartedMain] INFO  com.shop.ShopApp -
                Started ShopApp in 1.058 seconds (JVM running for 468.181)
2020-04-15 10:15:20.197 [restartedMain] INFO  o.s.b.d.a.ConditionEvaluationDeltaLoggingListener -
                Condition evaluation unchanged
2020-04-15 10:15:22.598 [Thread-44] INFO  o.s.b.w.s.c.AnnotationConfigServletWebServerApplicationContext -
                Closing org.springframework.boot.web.servlet.context.AnnotationConfigServletWebServerApplicationContext@2589fa8b: startup date [Wed Apr 15 10:15:19 CST 2020]; root of context hierarchy
2020-04-15 10:15:22.601 [Thread-44] INFO  o.s.jmx.export.annotation.AnnotationMBeanExporter -
                Unregistering JMX-exposed beans on shutdown
2020-04-15 10:15:23.063 [restartedMain] INFO  com.shop.ShopApp -
                Starting ShopApp on DESKTOP-IAES0UT with PID 5020 (C:\kyProject\springcloud\cloud-provider\provider-shop\target\classes started by lh001 in C:\kyProject\springcloud\cloud-provider\provider-shop)
2020-04-15 10:15:23.063 [restartedMain] INFO  com.shop.ShopApp -
                No active profile set, falling back to default profiles: default
2020-04-15 10:15:23.069 [restartedMain] INFO  o.s.b.w.s.c.AnnotationConfigServletWebServerApplicationContext -
                Refreshing org.springframework.boot.web.servlet.context.AnnotationConfigServletWebServerApplicationContext@611143ee: startup date [Wed Apr 15 10:15:23 CST 2020]; root of context hierarchy
2020-04-15 10:15:23.455 [restartedMain] INFO  o.s.d.r.config.RepositoryConfigurationDelegate -
                Multiple Spring Data modules found, entering strict repository configuration mode!
2020-04-15 10:15:23.582 [restartedMain] INFO  o.s.boot.web.embedded.tomcat.TomcatWebServer -
                Tomcat initialized with port(s): 8520 (http)
2020-04-15 10:15:23.583 [restartedMain] INFO  org.apache.catalina.core.StandardService -
                Starting service [Tomcat]
2020-04-15 10:15:23.584 [restartedMain] INFO  org.apache.catalina.core.StandardEngine -
                Starting Servlet Engine: Apache Tomcat/8.5.32
2020-04-15 10:15:23.585 [localhost-startStop-1] INFO  org.apache.catalina.core.AprLifecycleListener -
                Loaded APR based Apache Tomcat Native library [1.2.16] using APR version [1.6.3].
2020-04-15 10:15:23.586 [localhost-startStop-1] INFO  org.apache.catalina.core.AprLifecycleListener -
                APR capabilities: IPv6 [true], sendfile [true], accept filters [false], random [true].
2020-04-15 10:15:23.586 [localhost-startStop-1] INFO  org.apache.catalina.core.AprLifecycleListener -
                APR/OpenSSL configuration: useAprConnector [false], useOpenSSL [true]
2020-04-15 10:15:23.586 [localhost-startStop-1] INFO  org.apache.catalina.core.AprLifecycleListener -
                OpenSSL successfully initialized [OpenSSL 1.0.2m  2 Nov 2017]
2020-04-15 10:15:23.638 [localhost-startStop-1] INFO  o.a.c.core.ContainerBase.[Tomcat].[localhost].[/] -
                Initializing Spring embedded WebApplicationContext
2020-04-15 10:15:23.638 [localhost-startStop-1] INFO  org.springframework.web.context.ContextLoader -
                Root WebApplicationContext: initialization completed in 569 ms
2020-04-15 10:15:23.648 [localhost-startStop-1] INFO  o.s.boot.web.servlet.ServletRegistrationBean -
                Servlet dispatcherServlet mapped to [/]
2020-04-15 10:15:23.649 [localhost-startStop-1] INFO  o.s.boot.web.servlet.FilterRegistrationBean -
                Mapping filter: 'characterEncodingFilter' to: [/*]
2020-04-15 10:15:23.649 [localhost-startStop-1] INFO  o.s.boot.web.servlet.FilterRegistrationBean -
                Mapping filter: 'hiddenHttpMethodFilter' to: [/*]
2020-04-15 10:15:23.649 [localhost-startStop-1] INFO  o.s.boot.web.servlet.FilterRegistrationBean -
                Mapping filter: 'httpPutFormContentFilter' to: [/*]
2020-04-15 10:15:23.649 [localhost-startStop-1] INFO  o.s.boot.web.servlet.FilterRegistrationBean -
                Mapping filter: 'requestContextFilter' to: [/*]
2020-04-15 10:15:23.698 [restartedMain] INFO  o.s.web.servlet.handler.SimpleUrlHandlerMapping -
                Mapped URL path [/**/favicon.ico] onto handler of type [class org.springframework.web.servlet.resource.ResourceHttpRequestHandler]
2020-04-15 10:15:23.739 [restartedMain] INFO  o.s.w.s.m.m.a.RequestMappingHandlerAdapter -
                Looking for @ControllerAdvice: org.springframework.boot.web.servlet.context.AnnotationConfigServletWebServerApplicationContext@611143ee: startup date [Wed Apr 15 10:15:23 CST 2020]; root of context hierarchy
2020-04-15 10:15:23.747 [restartedMain] INFO  o.s.w.s.m.m.a.RequestMappingHandlerMapping -
                Mapped "{[/test],methods=[GET]}" onto private void com.shop.controller.OrderController.test()
2020-04-15 10:15:23.748 [restartedMain] INFO  o.s.w.s.m.m.a.RequestMappingHandlerMapping -
                Mapped "{[/error]}" onto public org.springframework.http.ResponseEntity<java.util.Map<java.lang.String, java.lang.Object>> org.springframework.boot.autoconfigure.web.servlet.error.BasicErrorController.error(javax.servlet.http.HttpServletRequest)
2020-04-15 10:15:23.748 [restartedMain] INFO  o.s.w.s.m.m.a.RequestMappingHandlerMapping -
                Mapped "{[/error],produces=[text/html]}" onto public org.springframework.web.servlet.ModelAndView org.springframework.boot.autoconfigure.web.servlet.error.BasicErrorController.errorHtml(javax.servlet.http.HttpServletRequest,javax.servlet.http.HttpServletResponse)
2020-04-15 10:15:23.757 [restartedMain] INFO  o.s.web.servlet.handler.SimpleUrlHandlerMapping -
                Mapped URL path [/webjars/**] onto handler of type [class org.springframework.web.servlet.resource.ResourceHttpRequestHandler]
2020-04-15 10:15:23.757 [restartedMain] INFO  o.s.web.servlet.handler.SimpleUrlHandlerMapping -
                Mapped URL path [/**] onto handler of type [class org.springframework.web.servlet.resource.ResourceHttpRequestHandler]
2020-04-15 10:15:23.813 [restartedMain] WARN  o.s.b.d.autoconfigure.OptionalLiveReloadServer -
                Unable to start LiveReload server
2020-04-15 10:15:23.825 [restartedMain] INFO  o.s.jmx.export.annotation.AnnotationMBeanExporter -
                Registering beans for JMX exposure on startup
2020-04-15 10:15:23.836 [restartedMain] INFO  o.s.boot.web.embedded.tomcat.TomcatWebServer -
                Tomcat started on port(s): 8520 (http) with context path ''
2020-04-15 10:15:23.837 [restartedMain] INFO  com.shop.ShopApp -
                Started ShopApp in 0.837 seconds (JVM running for 471.823)
2020-04-15 10:15:23.840 [restartedMain] INFO  o.s.b.d.a.ConditionEvaluationDeltaLoggingListener -
                Condition evaluation delta:


==========================
CONDITION EVALUATION DELTA
==========================


Positive matches:
-----------------

   CacheAutoConfiguration matched:
      - @ConditionalOnClass found required class 'org.springframework.cache.CacheManager'; @ConditionalOnMissingClass did not find unwanted class (OnClassCondition)
      - @ConditionalOnBean (types: org.springframework.cache.interceptor.CacheAspectSupport; SearchStrategy: all) found bean 'cacheInterceptor'; @ConditionalOnMissingBean (names: cacheResolver; types: org.springframework.cache.CacheManager; SearchStrategy: all) did not find any beans (OnBeanCondition)

   CacheAutoConfiguration#cacheManagerCustomizers matched:
      - @ConditionalOnMissingBean (types: org.springframework.boot.autoconfigure.cache.CacheManagerCustomizers; SearchStrategy: all) did not find any beans (OnBeanCondition)


Negative matches:
-----------------

   GenericCacheConfiguration:
      Did not match:
         - @ConditionalOnBean (types: org.springframework.cache.Cache; SearchStrategy: all) did not find any beans of type org.springframework.cache.Cache (OnBeanCondition)
      Matched:
         - Cache org.springframework.boot.autoconfigure.cache.GenericCacheConfiguration automatic cache type (CacheCondition)

   NoOpCacheConfiguration:
      Did not match:
         - @ConditionalOnMissingBean (types: org.springframework.cache.CacheManager; SearchStrategy: all) found beans of type 'org.springframework.cache.CacheManager' cacheManager (OnBeanCondition)
      Matched:
         - Cache org.springframework.boot.autoconfigure.cache.NoOpCacheConfiguration automatic cache type (CacheCondition)

   RedisAutoConfiguration#redisTemplate:
      Did not match:
         - @ConditionalOnMissingBean (names: redisTemplate; SearchStrategy: all) found beans named redisTemplate (OnBeanCondition)

   SimpleCacheConfiguration:
      Did not match:
         - @ConditionalOnMissingBean (types: org.springframework.cache.CacheManager; SearchStrategy: all) found beans of type 'org.springframework.cache.CacheManager' cacheManager (OnBeanCondition)
      Matched:
         - Cache org.springframework.boot.autoconfigure.cache.SimpleCacheConfiguration automatic cache type (CacheCondition)


Exclusions:
-----------

    None


Unconditional classes:
----------------------

    None



2020-04-15 10:15:30.702 [Thread-50] INFO  o.s.b.w.s.c.AnnotationConfigServletWebServerApplicationContext -
                Closing org.springframework.boot.web.servlet.context.AnnotationConfigServletWebServerApplicationContext@611143ee: startup date [Wed Apr 15 10:15:23 CST 2020]; root of context hierarchy
2020-04-15 10:15:30.703 [Thread-50] INFO  o.s.jmx.export.annotation.AnnotationMBeanExporter -
                Unregistering JMX-exposed beans on shutdown
2020-04-15 10:15:31.792 [restartedMain] INFO  com.shop.ShopApp -
                Starting ShopApp on DESKTOP-IAES0UT with PID 5020 (C:\kyProject\springcloud\cloud-provider\provider-shop\target\classes started by lh001 in C:\kyProject\springcloud\cloud-provider\provider-shop)
2020-04-15 10:15:31.793 [restartedMain] INFO  com.shop.ShopApp -
                No active profile set, falling back to default profiles: default
2020-04-15 10:15:31.796 [restartedMain] INFO  o.s.b.w.s.c.AnnotationConfigServletWebServerApplicationContext -
                Refreshing org.springframework.boot.web.servlet.context.AnnotationConfigServletWebServerApplicationContext@65c44b8d: startup date [Wed Apr 15 10:15:31 CST 2020]; root of context hierarchy
2020-04-15 10:15:32.191 [restartedMain] INFO  o.s.d.r.config.RepositoryConfigurationDelegate -
                Multiple Spring Data modules found, entering strict repository configuration mode!
2020-04-15 10:15:32.474 [restartedMain] INFO  o.s.boot.web.embedded.tomcat.TomcatWebServer -
                Tomcat initialized with port(s): 8520 (http)
2020-04-15 10:15:32.475 [restartedMain] INFO  org.apache.catalina.core.StandardService -
                Starting service [Tomcat]
2020-04-15 10:15:32.475 [restartedMain] INFO  org.apache.catalina.core.StandardEngine -
                Starting Servlet Engine: Apache Tomcat/8.5.32
2020-04-15 10:15:32.476 [localhost-startStop-1] INFO  org.apache.catalina.core.AprLifecycleListener -
                Loaded APR based Apache Tomcat Native library [1.2.16] using APR version [1.6.3].
2020-04-15 10:15:32.477 [localhost-startStop-1] INFO  org.apache.catalina.core.AprLifecycleListener -
                APR capabilities: IPv6 [true], sendfile [true], accept filters [false], random [true].
2020-04-15 10:15:32.477 [localhost-startStop-1] INFO  org.apache.catalina.core.AprLifecycleListener -
                APR/OpenSSL configuration: useAprConnector [false], useOpenSSL [true]
2020-04-15 10:15:32.477 [localhost-startStop-1] INFO  org.apache.catalina.core.AprLifecycleListener -
                OpenSSL successfully initialized [OpenSSL 1.0.2m  2 Nov 2017]
2020-04-15 10:15:32.530 [localhost-startStop-1] INFO  o.a.c.core.ContainerBase.[Tomcat].[localhost].[/] -
                Initializing Spring embedded WebApplicationContext
2020-04-15 10:15:32.530 [localhost-startStop-1] INFO  org.springframework.web.context.ContextLoader -
                Root WebApplicationContext: initialization completed in 734 ms
2020-04-15 10:15:32.541 [localhost-startStop-1] INFO  o.s.boot.web.servlet.ServletRegistrationBean -
                Servlet dispatcherServlet mapped to [/]
2020-04-15 10:15:32.541 [localhost-startStop-1] INFO  o.s.boot.web.servlet.FilterRegistrationBean -
                Mapping filter: 'characterEncodingFilter' to: [/*]
2020-04-15 10:15:32.542 [localhost-startStop-1] INFO  o.s.boot.web.servlet.FilterRegistrationBean -
                Mapping filter: 'hiddenHttpMethodFilter' to: [/*]
2020-04-15 10:15:32.542 [localhost-startStop-1] INFO  o.s.boot.web.servlet.FilterRegistrationBean -
                Mapping filter: 'httpPutFormContentFilter' to: [/*]
2020-04-15 10:15:32.542 [localhost-startStop-1] INFO  o.s.boot.web.servlet.FilterRegistrationBean -
                Mapping filter: 'requestContextFilter' to: [/*]
2020-04-15 10:15:32.606 [restartedMain] INFO  o.s.web.servlet.handler.SimpleUrlHandlerMapping -
                Mapped URL path [/**/favicon.ico] onto handler of type [class org.springframework.web.servlet.resource.ResourceHttpRequestHandler]
2020-04-15 10:15:32.669 [restartedMain] INFO  o.s.w.s.m.m.a.RequestMappingHandlerAdapter -
                Looking for @ControllerAdvice: org.springframework.boot.web.servlet.context.AnnotationConfigServletWebServerApplicationContext@65c44b8d: startup date [Wed Apr 15 10:15:31 CST 2020]; root of context hierarchy
2020-04-15 10:15:32.684 [restartedMain] INFO  o.s.w.s.m.m.a.RequestMappingHandlerMapping -
                Mapped "{[/test],methods=[GET]}" onto private void com.shop.controller.OrderController.test()
2020-04-15 10:15:32.687 [restartedMain] INFO  o.s.w.s.m.m.a.RequestMappingHandlerMapping -
                Mapped "{[/error]}" onto public org.springframework.http.ResponseEntity<java.util.Map<java.lang.String, java.lang.Object>> org.springframework.boot.autoconfigure.web.servlet.error.BasicErrorController.error(javax.servlet.http.HttpServletRequest)
2020-04-15 10:15:32.688 [restartedMain] INFO  o.s.w.s.m.m.a.RequestMappingHandlerMapping -
                Mapped "{[/error],produces=[text/html]}" onto public org.springframework.web.servlet.ModelAndView org.springframework.boot.autoconfigure.web.servlet.error.BasicErrorController.errorHtml(javax.servlet.http.HttpServletRequest,javax.servlet.http.HttpServletResponse)
2020-04-15 10:15:32.711 [restartedMain] INFO  o.s.web.servlet.handler.SimpleUrlHandlerMapping -
                Mapped URL path [/webjars/**] onto handler of type [class org.springframework.web.servlet.resource.ResourceHttpRequestHandler]
2020-04-15 10:15:32.711 [restartedMain] INFO  o.s.web.servlet.handler.SimpleUrlHandlerMapping -
                Mapped URL path [/**] onto handler of type [class org.springframework.web.servlet.resource.ResourceHttpRequestHandler]
2020-04-15 10:15:32.807 [restartedMain] WARN  o.s.b.d.autoconfigure.OptionalLiveReloadServer -
                Unable to start LiveReload server
2020-04-15 10:15:32.828 [restartedMain] INFO  o.s.jmx.export.annotation.AnnotationMBeanExporter -
                Registering beans for JMX exposure on startup
2020-04-15 10:15:32.847 [restartedMain] INFO  o.s.boot.web.embedded.tomcat.TomcatWebServer -
                Tomcat started on port(s): 8520 (http) with context path ''
2020-04-15 10:15:32.848 [restartedMain] INFO  com.shop.ShopApp -
                Started ShopApp in 1.11 seconds (JVM running for 480.833)
2020-04-15 10:15:32.850 [restartedMain] INFO  o.s.b.d.a.ConditionEvaluationDeltaLoggingListener -
                Condition evaluation unchanged
2020-04-15 10:17:15.903 [Thread-61] INFO  o.s.b.w.s.c.AnnotationConfigServletWebServerApplicationContext -
                Closing org.springframework.boot.web.servlet.context.AnnotationConfigServletWebServerApplicationContext@65c44b8d: startup date [Wed Apr 15 10:15:31 CST 2020]; root of context hierarchy
2020-04-15 10:17:15.905 [Thread-61] INFO  o.s.jmx.export.annotation.AnnotationMBeanExporter -
                Unregistering JMX-exposed beans on shutdown
2020-04-15 11:07:18.190 [restartedMain] INFO  com.shop.ShopApp -
                Starting ShopApp on DESKTOP-IAES0UT with PID 7540 (C:\kyProject\springcloud\cloud-provider\provider-shop\target\classes started by lh001 in C:\kyProject\springcloud\cloud-provider\provider-shop)
2020-04-15 11:07:18.196 [restartedMain] INFO  com.shop.ShopApp -
                No active profile set, falling back to default profiles: default
2020-04-15 11:07:18.283 [restartedMain] INFO  o.s.b.w.s.c.AnnotationConfigServletWebServerApplicationContext -
                Refreshing org.springframework.boot.web.servlet.context.AnnotationConfigServletWebServerApplicationContext@7644195d: startup date [Wed Apr 15 11:07:18 CST 2020]; root of context hierarchy
2020-04-15 11:07:19.030 [restartedMain] INFO  o.s.d.r.config.RepositoryConfigurationDelegate -
                Multiple Spring Data modules found, entering strict repository configuration mode!
2020-04-15 11:07:19.921 [restartedMain] INFO  o.s.boot.web.embedded.tomcat.TomcatWebServer -
                Tomcat initialized with port(s): 8520 (http)
2020-04-15 11:07:19.933 [restartedMain] INFO  org.apache.coyote.http11.Http11NioProtocol -
                Initializing ProtocolHandler ["http-nio-8520"]
2020-04-15 11:07:19.941 [restartedMain] INFO  org.apache.catalina.core.StandardService -
                Starting service [Tomcat]
2020-04-15 11:07:19.941 [restartedMain] INFO  org.apache.catalina.core.StandardEngine -
                Starting Servlet Engine: Apache Tomcat/8.5.32
2020-04-15 11:07:19.945 [localhost-startStop-1] INFO  org.apache.catalina.core.AprLifecycleListener -
                Loaded APR based Apache Tomcat Native library [1.2.16] using APR version [1.6.3].
2020-04-15 11:07:19.945 [localhost-startStop-1] INFO  org.apache.catalina.core.AprLifecycleListener -
                APR capabilities: IPv6 [true], sendfile [true], accept filters [false], random [true].
2020-04-15 11:07:19.945 [localhost-startStop-1] INFO  org.apache.catalina.core.AprLifecycleListener -
                APR/OpenSSL configuration: useAprConnector [false], useOpenSSL [true]
2020-04-15 11:07:20.985 [localhost-startStop-1] INFO  org.apache.catalina.core.AprLifecycleListener -
                OpenSSL successfully initialized [OpenSSL 1.0.2m  2 Nov 2017]
2020-04-15 11:07:21.077 [localhost-startStop-1] INFO  o.a.c.core.ContainerBase.[Tomcat].[localhost].[/] -
                Initializing Spring embedded WebApplicationContext
2020-04-15 11:07:21.077 [localhost-startStop-1] INFO  org.springframework.web.context.ContextLoader -
                Root WebApplicationContext: initialization completed in 2795 ms
2020-04-15 11:07:21.156 [localhost-startStop-1] INFO  o.s.boot.web.servlet.ServletRegistrationBean -
                Servlet dispatcherServlet mapped to [/]
2020-04-15 11:07:21.164 [localhost-startStop-1] INFO  o.s.boot.web.servlet.FilterRegistrationBean -
                Mapping filter: 'characterEncodingFilter' to: [/*]
2020-04-15 11:07:21.164 [localhost-startStop-1] INFO  o.s.boot.web.servlet.FilterRegistrationBean -
                Mapping filter: 'hiddenHttpMethodFilter' to: [/*]
2020-04-15 11:07:21.165 [localhost-startStop-1] INFO  o.s.boot.web.servlet.FilterRegistrationBean -
                Mapping filter: 'httpPutFormContentFilter' to: [/*]
2020-04-15 11:07:21.165 [localhost-startStop-1] INFO  o.s.boot.web.servlet.FilterRegistrationBean -
                Mapping filter: 'requestContextFilter' to: [/*]
2020-04-15 11:07:21.647 [restartedMain] INFO  o.s.web.servlet.handler.SimpleUrlHandlerMapping -
                Mapped URL path [/**/favicon.ico] onto handler of type [class org.springframework.web.servlet.resource.ResourceHttpRequestHandler]
2020-04-15 11:07:21.924 [restartedMain] INFO  o.s.w.s.m.m.a.RequestMappingHandlerAdapter -
                Looking for @ControllerAdvice: org.springframework.boot.web.servlet.context.AnnotationConfigServletWebServerApplicationContext@7644195d: startup date [Wed Apr 15 11:07:18 CST 2020]; root of context hierarchy
2020-04-15 11:07:21.996 [restartedMain] INFO  o.s.w.s.m.m.a.RequestMappingHandlerMapping -
                Mapped "{[/test],methods=[GET]}" onto private void com.shop.controller.OrderController.test()
2020-04-15 11:07:21.999 [restartedMain] INFO  o.s.w.s.m.m.a.RequestMappingHandlerMapping -
                Mapped "{[/error]}" onto public org.springframework.http.ResponseEntity<java.util.Map<java.lang.String, java.lang.Object>> org.springframework.boot.autoconfigure.web.servlet.error.BasicErrorController.error(javax.servlet.http.HttpServletRequest)
2020-04-15 11:07:22.000 [restartedMain] INFO  o.s.w.s.m.m.a.RequestMappingHandlerMapping -
                Mapped "{[/error],produces=[text/html]}" onto public org.springframework.web.servlet.ModelAndView org.springframework.boot.autoconfigure.web.servlet.error.BasicErrorController.errorHtml(javax.servlet.http.HttpServletRequest,javax.servlet.http.HttpServletResponse)
2020-04-15 11:07:22.036 [restartedMain] INFO  o.s.web.servlet.handler.SimpleUrlHandlerMapping -
                Mapped URL path [/webjars/**] onto handler of type [class org.springframework.web.servlet.resource.ResourceHttpRequestHandler]
2020-04-15 11:07:22.037 [restartedMain] INFO  o.s.web.servlet.handler.SimpleUrlHandlerMapping -
                Mapped URL path [/**] onto handler of type [class org.springframework.web.servlet.resource.ResourceHttpRequestHandler]
2020-04-15 11:07:22.406 [restartedMain] INFO  o.s.b.d.autoconfigure.OptionalLiveReloadServer -
                LiveReload server is running on port 35729
2020-04-15 11:07:22.437 [restartedMain] INFO  o.s.jmx.export.annotation.AnnotationMBeanExporter -
                Registering beans for JMX exposure on startup
2020-04-15 11:07:22.454 [restartedMain] INFO  org.apache.coyote.http11.Http11NioProtocol -
                Starting ProtocolHandler ["http-nio-8520"]
2020-04-15 11:07:22.468 [restartedMain] INFO  org.apache.tomcat.util.net.NioSelectorPool -
                Using a shared selector for servlet write/read
2020-04-15 11:07:22.488 [restartedMain] INFO  o.s.boot.web.embedded.tomcat.TomcatWebServer -
                Tomcat started on port(s): 8520 (http) with context path ''
2020-04-15 11:07:22.494 [restartedMain] INFO  com.shop.ShopApp -
                Started ShopApp in 4.872 seconds (JVM running for 6.319)
2020-04-15 17:38:52.726 [Thread-17] INFO  o.s.b.w.s.c.AnnotationConfigServletWebServerApplicationContext -
                Closing org.springframework.boot.web.servlet.context.AnnotationConfigServletWebServerApplicationContext@7644195d: startup date [Wed Apr 15 11:07:18 CST 2020]; root of context hierarchy
2020-04-15 17:38:52.755 [Thread-17] INFO  o.s.jmx.export.annotation.AnnotationMBeanExporter -
                Unregistering JMX-exposed beans on shutdown
