2020-04-27 15:17:11.671 [restartedMain] INFO  o.s.c.a.AnnotationConfigApplicationContext -
                Refreshing org.springframework.context.annotation.AnnotationConfigApplicationContext@7990eab4: startup date [Mon Apr 27 15:17:11 CST 2020]; root of context hierarchy
2020-04-27 15:17:11.913 [restartedMain] INFO  o.s.b.f.a.AutowiredAnnotationBeanPostProcessor -
                JSR-330 'javax.inject.Inject' annotation found and supported for autowiring
2020-04-27 15:17:11.990 [restartedMain] INFO  o.s.c.s.PostProcessorRegistrationDelegate$BeanPostProcessorChecker -
                Bean 'configurationPropertiesRebinderAutoConfiguration' of type [org.springframework.cloud.autoconfigure.ConfigurationPropertiesRebinderAutoConfiguration$$EnhancerBySpringCGLIB$$b768f706] is not eligible for getting processed by all BeanPostProcessors (for example: not eligible for auto-proxying)
2020-04-27 15:17:15.219 [restartedMain] INFO  com.user.AppUser -
                No active profile set, falling back to default profiles: default
2020-04-27 15:17:15.244 [restartedMain] INFO  o.s.b.w.s.c.AnnotationConfigServletWebServerApplicationContext -
                Refreshing org.springframework.boot.web.servlet.context.AnnotationConfigServletWebServerApplicationContext@2948515b: startup date [Mon Apr 27 15:17:15 CST 2020]; parent: org.springframework.context.annotation.AnnotationConfigApplicationContext@7990eab4
2020-04-27 15:17:15.254 [restartedMain] WARN  o.s.b.w.s.c.AnnotationConfigServletWebServerApplicationContext -
                Exception encountered during context initialization - cancelling refresh attempt: org.springframework.beans.factory.BeanDefinitionStoreException: Failed to parse configuration class [com.user.AppUser]; nested exception is java.io.FileNotFoundException: config\config.properties (系统找不到指定的路径。)
2020-04-27 15:17:15.276 [restartedMain] ERROR org.springframework.boot.SpringApplication -
                Application run failed
org.springframework.beans.factory.BeanDefinitionStoreException: Failed to parse configuration class [com.user.AppUser]; nested exception is java.io.FileNotFoundException: config\config.properties (系统找不到指定的路径。)
	at org.springframework.context.annotation.ConfigurationClassParser.parse(ConfigurationClassParser.java:184)
	at org.springframework.context.annotation.ConfigurationClassPostProcessor.processConfigBeanDefinitions(ConfigurationClassPostProcessor.java:316)
	at org.springframework.context.annotation.ConfigurationClassPostProcessor.postProcessBeanDefinitionRegistry(ConfigurationClassPostProcessor.java:233)
	at org.springframework.context.support.PostProcessorRegistrationDelegate.invokeBeanDefinitionRegistryPostProcessors(PostProcessorRegistrationDelegate.java:271)
	at org.springframework.context.support.PostProcessorRegistrationDelegate.invokeBeanFactoryPostProcessors(PostProcessorRegistrationDelegate.java:91)
	at org.springframework.context.support.AbstractApplicationContext.invokeBeanFactoryPostProcessors(AbstractApplicationContext.java:694)
	at org.springframework.context.support.AbstractApplicationContext.refresh(AbstractApplicationContext.java:532)
	at org.springframework.boot.web.servlet.context.ServletWebServerApplicationContext.refresh(ServletWebServerApplicationContext.java:140)
	at org.springframework.boot.SpringApplication.refresh(SpringApplication.java:762)
	at org.springframework.boot.SpringApplication.refreshContext(SpringApplication.java:398)
	at org.springframework.boot.SpringApplication.run(SpringApplication.java:330)
	at org.springframework.boot.SpringApplication.run(SpringApplication.java:1258)
	at org.springframework.boot.SpringApplication.run(SpringApplication.java:1246)
	at com.user.AppUser.main(AppUser.java:14)
	at sun.reflect.NativeMethodAccessorImpl.invoke0(Native Method)
	at sun.reflect.NativeMethodAccessorImpl.invoke(NativeMethodAccessorImpl.java:62)
	at sun.reflect.DelegatingMethodAccessorImpl.invoke(DelegatingMethodAccessorImpl.java:43)
	at java.lang.reflect.Method.invoke(Method.java:498)
	at org.springframework.boot.devtools.restart.RestartLauncher.run(RestartLauncher.java:49)
Caused by: java.io.FileNotFoundException: config\config.properties (系统找不到指定的路径。)
	at java.io.FileInputStream.open0(Native Method)
	at java.io.FileInputStream.open(FileInputStream.java:195)
	at java.io.FileInputStream.<init>(FileInputStream.java:138)
	at java.io.FileInputStream.<init>(FileInputStream.java:93)
	at sun.net.www.protocol.file.FileURLConnection.connect(FileURLConnection.java:90)
	at sun.net.www.protocol.file.FileURLConnection.getInputStream(FileURLConnection.java:188)
	at org.springframework.core.io.UrlResource.getInputStream(UrlResource.java:171)
	at org.springframework.core.io.support.EncodedResource.getInputStream(EncodedResource.java:159)
	at org.springframework.core.io.support.PropertiesLoaderUtils.fillProperties(PropertiesLoaderUtils.java:99)
	at org.springframework.core.io.support.PropertiesLoaderUtils.fillProperties(PropertiesLoaderUtils.java:73)
	at org.springframework.core.io.support.PropertiesLoaderUtils.loadProperties(PropertiesLoaderUtils.java:59)
	at org.springframework.core.io.support.ResourcePropertySource.<init>(ResourcePropertySource.java:67)
	at org.springframework.core.io.support.DefaultPropertySourceFactory.createPropertySource(DefaultPropertySourceFactory.java:37)
	at org.springframework.context.annotation.ConfigurationClassParser.processPropertySource(ConfigurationClassParser.java:453)
	at org.springframework.context.annotation.ConfigurationClassParser.doProcessConfigurationClass(ConfigurationClassParser.java:272)
	at org.springframework.context.annotation.ConfigurationClassParser.processConfigurationClass(ConfigurationClassParser.java:245)
	at org.springframework.context.annotation.ConfigurationClassParser.parse(ConfigurationClassParser.java:202)
	at org.springframework.context.annotation.ConfigurationClassParser.parse(ConfigurationClassParser.java:170)
	... 18 common frames omitted
2020-04-27 15:41:11.135 [main] INFO  o.s.c.a.AnnotationConfigApplicationContext -
                Refreshing org.springframework.context.annotation.AnnotationConfigApplicationContext@3b0c9195: startup date [Mon Apr 27 15:41:11 CST 2020]; root of context hierarchy
2020-04-27 15:41:11.441 [main] INFO  o.s.b.f.a.AutowiredAnnotationBeanPostProcessor -
                JSR-330 'javax.inject.Inject' annotation found and supported for autowiring
2020-04-27 15:41:11.506 [main] INFO  o.s.c.s.PostProcessorRegistrationDelegate$BeanPostProcessorChecker -
                Bean 'configurationPropertiesRebinderAutoConfiguration' of type [org.springframework.cloud.autoconfigure.ConfigurationPropertiesRebinderAutoConfiguration$$EnhancerBySpringCGLIB$$b5d654ac] is not eligible for getting processed by all BeanPostProcessors (for example: not eligible for auto-proxying)
2020-04-27 15:41:17.490 [restartedMain] INFO  o.s.c.a.AnnotationConfigApplicationContext -
                Refreshing org.springframework.context.annotation.AnnotationConfigApplicationContext@5c8405c3: startup date [Mon Apr 27 15:41:17 CST 2020]; root of context hierarchy
2020-04-27 15:41:17.919 [main] INFO  com.hystrix.AppHystrix -
                No active profile set, falling back to default profiles: default
2020-04-27 15:41:17.966 [restartedMain] INFO  o.s.b.f.a.AutowiredAnnotationBeanPostProcessor -
                JSR-330 'javax.inject.Inject' annotation found and supported for autowiring
2020-04-27 15:41:17.992 [main] INFO  o.s.b.w.s.c.AnnotationConfigServletWebServerApplicationContext -
                Refreshing org.springframework.boot.web.servlet.context.AnnotationConfigServletWebServerApplicationContext@53b98ff6: startup date [Mon Apr 27 15:41:17 CST 2020]; parent: org.springframework.context.annotation.AnnotationConfigApplicationContext@3b0c9195
2020-04-27 15:41:18.036 [main] WARN  o.s.b.w.s.c.AnnotationConfigServletWebServerApplicationContext -
                Exception encountered during context initialization - cancelling refresh attempt: org.springframework.beans.factory.BeanDefinitionStoreException: Failed to parse configuration class [com.hystrix.AppHystrix]; nested exception is java.io.FileNotFoundException: config\config.properties (系统找不到指定的路径。)
2020-04-27 15:41:18.051 [main] ERROR org.springframework.boot.SpringApplication -
                Application run failed
org.springframework.beans.factory.BeanDefinitionStoreException: Failed to parse configuration class [com.hystrix.AppHystrix]; nested exception is java.io.FileNotFoundException: config\config.properties (系统找不到指定的路径。)
	at org.springframework.context.annotation.ConfigurationClassParser.parse(ConfigurationClassParser.java:184)
	at org.springframework.context.annotation.ConfigurationClassPostProcessor.processConfigBeanDefinitions(ConfigurationClassPostProcessor.java:316)
	at org.springframework.context.annotation.ConfigurationClassPostProcessor.postProcessBeanDefinitionRegistry(ConfigurationClassPostProcessor.java:233)
	at org.springframework.context.support.PostProcessorRegistrationDelegate.invokeBeanDefinitionRegistryPostProcessors(PostProcessorRegistrationDelegate.java:271)
	at org.springframework.context.support.PostProcessorRegistrationDelegate.invokeBeanFactoryPostProcessors(PostProcessorRegistrationDelegate.java:91)
	at org.springframework.context.support.AbstractApplicationContext.invokeBeanFactoryPostProcessors(AbstractApplicationContext.java:694)
	at org.springframework.context.support.AbstractApplicationContext.refresh(AbstractApplicationContext.java:532)
	at org.springframework.boot.web.servlet.context.ServletWebServerApplicationContext.refresh(ServletWebServerApplicationContext.java:140)
	at org.springframework.boot.SpringApplication.refresh(SpringApplication.java:762)
	at org.springframework.boot.SpringApplication.refreshContext(SpringApplication.java:398)
	at org.springframework.boot.SpringApplication.run(SpringApplication.java:330)
	at org.springframework.boot.SpringApplication.run(SpringApplication.java:1258)
	at org.springframework.boot.SpringApplication.run(SpringApplication.java:1246)
	at com.hystrix.AppHystrix.main(AppHystrix.java:16)
Caused by: java.io.FileNotFoundException: config\config.properties (系统找不到指定的路径。)
	at java.io.FileInputStream.open0(Native Method)
	at java.io.FileInputStream.open(FileInputStream.java:195)
	at java.io.FileInputStream.<init>(FileInputStream.java:138)
	at java.io.FileInputStream.<init>(FileInputStream.java:93)
	at sun.net.www.protocol.file.FileURLConnection.connect(FileURLConnection.java:90)
	at sun.net.www.protocol.file.FileURLConnection.getInputStream(FileURLConnection.java:188)
	at org.springframework.core.io.UrlResource.getInputStream(UrlResource.java:171)
	at org.springframework.core.io.support.EncodedResource.getInputStream(EncodedResource.java:159)
	at org.springframework.core.io.support.PropertiesLoaderUtils.fillProperties(PropertiesLoaderUtils.java:99)
	at org.springframework.core.io.support.PropertiesLoaderUtils.fillProperties(PropertiesLoaderUtils.java:73)
	at org.springframework.core.io.support.PropertiesLoaderUtils.loadProperties(PropertiesLoaderUtils.java:59)
	at org.springframework.core.io.support.ResourcePropertySource.<init>(ResourcePropertySource.java:67)
	at org.springframework.core.io.support.DefaultPropertySourceFactory.createPropertySource(DefaultPropertySourceFactory.java:37)
	at org.springframework.context.annotation.ConfigurationClassParser.processPropertySource(ConfigurationClassParser.java:453)
	at org.springframework.context.annotation.ConfigurationClassParser.doProcessConfigurationClass(ConfigurationClassParser.java:272)
	at org.springframework.context.annotation.ConfigurationClassParser.processConfigurationClass(ConfigurationClassParser.java:245)
	at org.springframework.context.annotation.ConfigurationClassParser.parse(ConfigurationClassParser.java:202)
	at org.springframework.context.annotation.ConfigurationClassParser.parse(ConfigurationClassParser.java:170)
	... 13 common frames omitted
2020-04-27 15:41:18.094 [restartedMain] INFO  o.s.c.s.PostProcessorRegistrationDelegate$BeanPostProcessorChecker -
                Bean 'configurationPropertiesRebinderAutoConfiguration' of type [org.springframework.cloud.autoconfigure.ConfigurationPropertiesRebinderAutoConfiguration$$EnhancerBySpringCGLIB$$b0e964de] is not eligible for getting processed by all BeanPostProcessors (for example: not eligible for auto-proxying)
2020-04-27 15:41:24.036 [restartedMain] INFO  o.s.c.a.AnnotationConfigApplicationContext -
                Refreshing org.springframework.context.annotation.AnnotationConfigApplicationContext@12c30ebd: startup date [Mon Apr 27 15:41:24 CST 2020]; root of context hierarchy
2020-04-27 15:41:24.226 [restartedMain] INFO  com.app.Apps -
                No active profile set, falling back to default profiles: default
2020-04-27 15:41:24.251 [restartedMain] INFO  o.s.b.w.s.c.AnnotationConfigServletWebServerApplicationContext -
                Refreshing org.springframework.boot.web.servlet.context.AnnotationConfigServletWebServerApplicationContext@19e14977: startup date [Mon Apr 27 15:41:24 CST 2020]; parent: org.springframework.context.annotation.AnnotationConfigApplicationContext@5c8405c3
2020-04-27 15:41:24.261 [restartedMain] WARN  o.s.b.w.s.c.AnnotationConfigServletWebServerApplicationContext -
                Exception encountered during context initialization - cancelling refresh attempt: org.springframework.beans.factory.BeanDefinitionStoreException: Failed to parse configuration class [com.app.Apps]; nested exception is java.io.FileNotFoundException: config\config.properties (系统找不到指定的路径。)
2020-04-27 15:41:24.280 [restartedMain] ERROR org.springframework.boot.SpringApplication -
                Application run failed
org.springframework.beans.factory.BeanDefinitionStoreException: Failed to parse configuration class [com.app.Apps]; nested exception is java.io.FileNotFoundException: config\config.properties (系统找不到指定的路径。)
	at org.springframework.context.annotation.ConfigurationClassParser.parse(ConfigurationClassParser.java:184)
	at org.springframework.context.annotation.ConfigurationClassPostProcessor.processConfigBeanDefinitions(ConfigurationClassPostProcessor.java:316)
	at org.springframework.context.annotation.ConfigurationClassPostProcessor.postProcessBeanDefinitionRegistry(ConfigurationClassPostProcessor.java:233)
	at org.springframework.context.support.PostProcessorRegistrationDelegate.invokeBeanDefinitionRegistryPostProcessors(PostProcessorRegistrationDelegate.java:271)
	at org.springframework.context.support.PostProcessorRegistrationDelegate.invokeBeanFactoryPostProcessors(PostProcessorRegistrationDelegate.java:91)
	at org.springframework.context.support.AbstractApplicationContext.invokeBeanFactoryPostProcessors(AbstractApplicationContext.java:694)
	at org.springframework.context.support.AbstractApplicationContext.refresh(AbstractApplicationContext.java:532)
	at org.springframework.boot.web.servlet.context.ServletWebServerApplicationContext.refresh(ServletWebServerApplicationContext.java:140)
	at org.springframework.boot.SpringApplication.refresh(SpringApplication.java:762)
	at org.springframework.boot.SpringApplication.refreshContext(SpringApplication.java:398)
	at org.springframework.boot.SpringApplication.run(SpringApplication.java:330)
	at org.springframework.boot.SpringApplication.run(SpringApplication.java:1258)
	at org.springframework.boot.SpringApplication.run(SpringApplication.java:1246)
	at com.app.Apps.main(Apps.java:14)
	at sun.reflect.NativeMethodAccessorImpl.invoke0(Native Method)
	at sun.reflect.NativeMethodAccessorImpl.invoke(NativeMethodAccessorImpl.java:62)
	at sun.reflect.DelegatingMethodAccessorImpl.invoke(DelegatingMethodAccessorImpl.java:43)
	at java.lang.reflect.Method.invoke(Method.java:498)
	at org.springframework.boot.devtools.restart.RestartLauncher.run(RestartLauncher.java:49)
Caused by: java.io.FileNotFoundException: config\config.properties (系统找不到指定的路径。)
	at java.io.FileInputStream.open0(Native Method)
	at java.io.FileInputStream.open(FileInputStream.java:195)
	at java.io.FileInputStream.<init>(FileInputStream.java:138)
	at java.io.FileInputStream.<init>(FileInputStream.java:93)
	at sun.net.www.protocol.file.FileURLConnection.connect(FileURLConnection.java:90)
	at sun.net.www.protocol.file.FileURLConnection.getInputStream(FileURLConnection.java:188)
	at org.springframework.core.io.UrlResource.getInputStream(UrlResource.java:171)
	at org.springframework.core.io.support.EncodedResource.getInputStream(EncodedResource.java:159)
	at org.springframework.core.io.support.PropertiesLoaderUtils.fillProperties(PropertiesLoaderUtils.java:99)
	at org.springframework.core.io.support.PropertiesLoaderUtils.fillProperties(PropertiesLoaderUtils.java:73)
	at org.springframework.core.io.support.PropertiesLoaderUtils.loadProperties(PropertiesLoaderUtils.java:59)
	at org.springframework.core.io.support.ResourcePropertySource.<init>(ResourcePropertySource.java:67)
	at org.springframework.core.io.support.DefaultPropertySourceFactory.createPropertySource(DefaultPropertySourceFactory.java:37)
	at org.springframework.context.annotation.ConfigurationClassParser.processPropertySource(ConfigurationClassParser.java:453)
	at org.springframework.context.annotation.ConfigurationClassParser.doProcessConfigurationClass(ConfigurationClassParser.java:272)
	at org.springframework.context.annotation.ConfigurationClassParser.processConfigurationClass(ConfigurationClassParser.java:245)
	at org.springframework.context.annotation.ConfigurationClassParser.parse(ConfigurationClassParser.java:202)
	at org.springframework.context.annotation.ConfigurationClassParser.parse(ConfigurationClassParser.java:170)
	... 18 common frames omitted
2020-04-27 15:41:24.315 [restartedMain] INFO  o.s.b.f.a.AutowiredAnnotationBeanPostProcessor -
                JSR-330 'javax.inject.Inject' annotation found and supported for autowiring
2020-04-27 15:41:24.361 [restartedMain] INFO  o.s.c.s.PostProcessorRegistrationDelegate$BeanPostProcessorChecker -
                Bean 'configurationPropertiesRebinderAutoConfiguration' of type [org.springframework.cloud.autoconfigure.ConfigurationPropertiesRebinderAutoConfiguration$$EnhancerBySpringCGLIB$$92378467] is not eligible for getting processed by all BeanPostProcessors (for example: not eligible for auto-proxying)
