2020-04-13 17:08:35.145 [main] INFO  o.s.c.a.AnnotationConfigApplicationContext -
				Refreshing org.springframework.context.annotation.AnnotationConfigApplicationContext@53bd8fca: startup date [Mon Apr 13 17:08:35 CST 2020]; root of context hierarchy
2020-04-13 17:08:35.402 [main] INFO  o.s.b.f.a.AutowiredAnnotationBeanPostProcessor -
				JSR-330 'javax.inject.Inject' annotation found and supported for autowiring
2020-04-13 17:08:35.449 [main] INFO  o.s.c.s.PostProcessorRegistrationDelegate$BeanPostProcessorChecker -
				Bean 'configurationPropertiesRebinderAutoConfiguration' of type [org.springframework.cloud.autoconfigure.ConfigurationPropertiesRebinderAutoConfiguration$$EnhancerBySpringCGLIB$$ec2c0e8d] is not eligible for getting processed by all BeanPostProcessors (for example: not eligible for auto-proxying)
2020-04-13 17:08:37.011 [main] INFO  com.user.Apps -
				No active profile set, falling back to default profiles: default
2020-04-13 17:08:37.039 [main] INFO  o.s.b.w.s.c.AnnotationConfigServletWebServerApplicationContext -
				Refreshing org.springframework.boot.web.servlet.context.AnnotationConfigServletWebServerApplicationContext@757f675c: startup date [Mon Apr 13 17:08:37 CST 2020]; parent: org.springframework.context.annotation.AnnotationConfigApplicationContext@53bd8fca
2020-04-13 17:08:37.052 [main] WARN  o.s.b.w.s.c.AnnotationConfigServletWebServerApplicationContext -
				Exception encountered during context initialization - cancelling refresh attempt: org.springframework.beans.factory.BeanDefinitionStoreException: Failed to parse configuration class [com.user.Apps]; nested exception is java.io.FileNotFoundException: cloud-provider\provider-app\config\config.properties (系统找不到指定的路径。)
2020-04-13 17:08:37.060 [main] ERROR org.springframework.boot.SpringApplication -
				Application run failed
org.springframework.beans.factory.BeanDefinitionStoreException: Failed to parse configuration class [com.user.Apps]; nested exception is java.io.FileNotFoundException: cloud-provider\provider-app\config\config.properties (系统找不到指定的路径。)
	at org.springframework.context.annotation.ConfigurationClassParser.parse(ConfigurationClassParser.java:184)
	at org.springframework.context.annotation.ConfigurationClassPostProcessor.processConfigBeanDefinitions(ConfigurationClassPostProcessor.java:316)
	at org.springframework.context.annotation.ConfigurationClassPostProcessor.postProcessBeanDefinitionRegistry(ConfigurationClassPostProcessor.java:233)
	at org.springframework.context.support.PostProcessorRegistrationDelegate.invokeBeanDefinitionRegistryPostProcessors(PostProcessorRegistrationDelegate.java:271)
	at org.springframework.context.support.PostProcessorRegistrationDelegate.invokeBeanFactoryPostProcessors(PostProcessorRegistrationDelegate.java:91)
	at org.springframework.context.support.AbstractApplicationContext.invokeBeanFactoryPostProcessors(AbstractApplicationContext.java:694)
	at org.springframework.context.support.AbstractApplicationContext.refresh(AbstractApplicationContext.java:532)
	at org.springframework.boot.web.servlet.context.ServletWebServerApplicationContext.refresh(ServletWebServerApplicationContext.java:140)
	at org.springframework.boot.SpringApplication.refresh(SpringApplication.java:762)
	at org.springframework.boot.SpringApplication.refreshContext(SpringApplication.java:398)
	at org.springframework.boot.SpringApplication.run(SpringApplication.java:330)
	at org.springframework.boot.SpringApplication.run(SpringApplication.java:1258)
	at org.springframework.boot.SpringApplication.run(SpringApplication.java:1246)
	at com.user.Apps.main(Apps.java:14)
Caused by: java.io.FileNotFoundException: cloud-provider\provider-app\config\config.properties (系统找不到指定的路径。)
	at java.io.FileInputStream.open0(Native Method)
	at java.io.FileInputStream.open(Unknown Source)
	at java.io.FileInputStream.<init>(Unknown Source)
	at java.io.FileInputStream.<init>(Unknown Source)
	at sun.net.www.protocol.file.FileURLConnection.connect(Unknown Source)
	at sun.net.www.protocol.file.FileURLConnection.getInputStream(Unknown Source)
	at org.springframework.core.io.UrlResource.getInputStream(UrlResource.java:171)
	at org.springframework.core.io.support.EncodedResource.getInputStream(EncodedResource.java:159)
	at org.springframework.core.io.support.PropertiesLoaderUtils.fillProperties(PropertiesLoaderUtils.java:99)
	at org.springframework.core.io.support.PropertiesLoaderUtils.fillProperties(PropertiesLoaderUtils.java:73)
	at org.springframework.core.io.support.PropertiesLoaderUtils.loadProperties(PropertiesLoaderUtils.java:59)
	at org.springframework.core.io.support.ResourcePropertySource.<init>(ResourcePropertySource.java:67)
	at org.springframework.core.io.support.DefaultPropertySourceFactory.createPropertySource(DefaultPropertySourceFactory.java:37)
	at org.springframework.context.annotation.ConfigurationClassParser.processPropertySource(ConfigurationClassParser.java:453)
	at org.springframework.context.annotation.ConfigurationClassParser.doProcessConfigurationClass(ConfigurationClassParser.java:272)
	at org.springframework.context.annotation.ConfigurationClassParser.processConfigurationClass(ConfigurationClassParser.java:245)
	at org.springframework.context.annotation.ConfigurationClassParser.parse(ConfigurationClassParser.java:202)
	at org.springframework.context.annotation.ConfigurationClassParser.parse(ConfigurationClassParser.java:170)
	... 13 common frames omitted
2020-04-13 17:08:54.768 [main] INFO  o.s.c.a.AnnotationConfigApplicationContext -
				Refreshing org.springframework.context.annotation.AnnotationConfigApplicationContext@623e088f: startup date [Mon Apr 13 17:08:54 CST 2020]; root of context hierarchy
2020-04-13 17:08:55.003 [main] INFO  o.s.b.f.a.AutowiredAnnotationBeanPostProcessor -
				JSR-330 'javax.inject.Inject' annotation found and supported for autowiring
2020-04-13 17:08:55.043 [main] INFO  o.s.c.s.PostProcessorRegistrationDelegate$BeanPostProcessorChecker -
				Bean 'configurationPropertiesRebinderAutoConfiguration' of type [org.springframework.cloud.autoconfigure.ConfigurationPropertiesRebinderAutoConfiguration$$EnhancerBySpringCGLIB$$c3a7c949] is not eligible for getting processed by all BeanPostProcessors (for example: not eligible for auto-proxying)
2020-04-13 17:08:56.573 [main] INFO  com.user.Apps -
				No active profile set, falling back to default profiles: default
2020-04-13 17:08:56.599 [main] INFO  o.s.b.w.s.c.AnnotationConfigServletWebServerApplicationContext -
				Refreshing org.springframework.boot.web.servlet.context.AnnotationConfigServletWebServerApplicationContext@1f9d6c7b: startup date [Mon Apr 13 17:08:56 CST 2020]; parent: org.springframework.context.annotation.AnnotationConfigApplicationContext@623e088f
2020-04-13 17:08:57.321 [main] INFO  o.springframework.cloud.context.scope.GenericScope -
				BeanFactory id=3db87236-922d-37e7-b334-ea17c9a07d7a
2020-04-13 17:08:57.340 [main] INFO  o.s.b.f.a.AutowiredAnnotationBeanPostProcessor -
				JSR-330 'javax.inject.Inject' annotation found and supported for autowiring
2020-04-13 17:08:57.458 [main] INFO  o.s.c.s.PostProcessorRegistrationDelegate$BeanPostProcessorChecker -
				Bean 'org.springframework.cloud.autoconfigure.ConfigurationPropertiesRebinderAutoConfiguration' of type [org.springframework.cloud.autoconfigure.ConfigurationPropertiesRebinderAutoConfiguration$$EnhancerBySpringCGLIB$$c3a7c949] is not eligible for getting processed by all BeanPostProcessors (for example: not eligible for auto-proxying)
2020-04-13 17:08:58.168 [main] INFO  o.s.boot.web.embedded.tomcat.TomcatWebServer -
				Tomcat initialized with port(s): 8500 (http)
2020-04-13 17:08:58.188 [main] INFO  org.apache.coyote.http11.Http11NioProtocol -
				Initializing ProtocolHandler ["http-nio-8500"]
2020-04-13 17:08:58.202 [main] INFO  org.apache.catalina.core.StandardService -
				Starting service [Tomcat]
2020-04-13 17:08:58.202 [main] INFO  org.apache.catalina.core.StandardEngine -
				Starting Servlet Engine: Apache Tomcat/8.5.32
2020-04-13 17:08:58.216 [localhost-startStop-1] INFO  org.apache.catalina.core.AprLifecycleListener -
				Loaded APR based Apache Tomcat Native library [1.2.16] using APR version [1.6.3].
2020-04-13 17:08:58.217 [localhost-startStop-1] INFO  org.apache.catalina.core.AprLifecycleListener -
				APR capabilities: IPv6 [true], sendfile [true], accept filters [false], random [true].
2020-04-13 17:08:58.217 [localhost-startStop-1] INFO  org.apache.catalina.core.AprLifecycleListener -
				APR/OpenSSL configuration: useAprConnector [false], useOpenSSL [true]
2020-04-13 17:08:59.267 [localhost-startStop-1] INFO  org.apache.catalina.core.AprLifecycleListener -
				OpenSSL successfully initialized [OpenSSL 1.0.2m  2 Nov 2017]
2020-04-13 17:08:59.434 [localhost-startStop-1] INFO  o.a.c.core.ContainerBase.[Tomcat].[localhost].[/] -
				Initializing Spring embedded WebApplicationContext
2020-04-13 17:08:59.434 [localhost-startStop-1] INFO  org.springframework.web.context.ContextLoader -
				Root WebApplicationContext: initialization completed in 2835 ms
2020-04-13 17:08:59.521 [localhost-startStop-1] INFO  o.s.boot.web.servlet.ServletRegistrationBean -
				Servlet dispatcherServlet mapped to [/]
2020-04-13 17:08:59.525 [localhost-startStop-1] INFO  o.s.boot.web.servlet.FilterRegistrationBean -
				Mapping filter: 'characterEncodingFilter' to: [/*]
2020-04-13 17:08:59.526 [localhost-startStop-1] INFO  o.s.boot.web.servlet.FilterRegistrationBean -
				Mapping filter: 'hiddenHttpMethodFilter' to: [/*]
2020-04-13 17:08:59.526 [localhost-startStop-1] INFO  o.s.boot.web.servlet.FilterRegistrationBean -
				Mapping filter: 'httpPutFormContentFilter' to: [/*]
2020-04-13 17:08:59.526 [localhost-startStop-1] INFO  o.s.boot.web.servlet.FilterRegistrationBean -
				Mapping filter: 'requestContextFilter' to: [/*]
2020-04-13 17:08:59.618 [main] INFO  o.s.c.a.AnnotationConfigApplicationContext -
				Refreshing FeignContext-service-msg: startup date [Mon Apr 13 17:08:59 CST 2020]; parent: org.springframework.boot.web.servlet.context.AnnotationConfigServletWebServerApplicationContext@1f9d6c7b
2020-04-13 17:08:59.643 [main] INFO  o.s.b.f.a.AutowiredAnnotationBeanPostProcessor -
				JSR-330 'javax.inject.Inject' annotation found and supported for autowiring
2020-04-13 17:09:00.207 [main] INFO  com.alibaba.druid.pool.DruidDataSource -
				{dataSource-1} inited
2020-04-13 17:09:00.274 [main] WARN  com.netflix.config.sources.URLConfigurationSource -
				No URLs will be polled as dynamic configuration sources.
2020-04-13 17:09:00.275 [main] INFO  com.netflix.config.sources.URLConfigurationSource -
				To enable URLs as dynamic configuration sources, define System property archaius.configurationSource.additionalUrls or make config.properties available on classpath.
2020-04-13 17:09:00.283 [main] WARN  com.netflix.config.sources.URLConfigurationSource -
				No URLs will be polled as dynamic configuration sources.
2020-04-13 17:09:00.283 [main] INFO  com.netflix.config.sources.URLConfigurationSource -
				To enable URLs as dynamic configuration sources, define System property archaius.configurationSource.additionalUrls or make config.properties available on classpath.
2020-04-13 17:09:00.424 [main] INFO  o.s.web.servlet.handler.SimpleUrlHandlerMapping -
				Mapped URL path [/**/favicon.ico] onto handler of type [class org.springframework.web.servlet.resource.ResourceHttpRequestHandler]
2020-04-13 17:09:00.635 [main] INFO  o.s.w.s.m.m.a.RequestMappingHandlerAdapter -
				Looking for @ControllerAdvice: org.springframework.boot.web.servlet.context.AnnotationConfigServletWebServerApplicationContext@1f9d6c7b: startup date [Mon Apr 13 17:08:56 CST 2020]; parent: org.springframework.context.annotation.AnnotationConfigApplicationContext@623e088f
2020-04-13 17:09:00.719 [main] INFO  o.s.w.s.m.m.a.RequestMappingHandlerMapping -
				Mapped "{[/user/test],methods=[GET]}" onto public java.lang.String com.user.controller.UserController.test()
2020-04-13 17:09:00.721 [main] INFO  o.s.w.s.m.m.a.RequestMappingHandlerMapping -
				Mapped "{[/user/user],methods=[POST]}" onto public org.springframework.ui.ModelMap com.user.controller.UserController.addUser(com.user.model.UserInfo)
2020-04-13 17:09:00.721 [main] INFO  o.s.w.s.m.m.a.RequestMappingHandlerMapping -
				Mapped "{[/user/user],methods=[DELETE]}" onto public org.springframework.ui.ModelMap com.user.controller.UserController.delUser(java.lang.Long)
2020-04-13 17:09:00.722 [main] INFO  o.s.w.s.m.m.a.RequestMappingHandlerMapping -
				Mapped "{[/user/user],methods=[GET]}" onto public org.springframework.ui.ModelMap com.user.controller.UserController.findUserById(java.lang.Long)
2020-04-13 17:09:00.722 [main] INFO  o.s.w.s.m.m.a.RequestMappingHandlerMapping -
				Mapped "{[/user/userPage],methods=[GET]}" onto public org.springframework.ui.ModelMap com.user.controller.UserController.findUserPageList(java.lang.Integer,java.lang.Integer,com.user.model.UserInfo)
2020-04-13 17:09:00.723 [main] INFO  o.s.w.s.m.m.a.RequestMappingHandlerMapping -
				Mapped "{[/user/msg],methods=[POST]}" onto public org.springframework.ui.ModelMap com.user.controller.UserController.addMsg(java.lang.String)
2020-04-13 17:09:00.723 [main] INFO  o.s.w.s.m.m.a.RequestMappingHandlerMapping -
				Mapped "{[/user/user],methods=[PATCH]}" onto public org.springframework.ui.ModelMap com.user.controller.UserController.editUser(com.user.model.UserInfo)
2020-04-13 17:09:00.725 [main] INFO  o.s.w.s.m.m.a.RequestMappingHandlerMapping -
				Mapped "{[/error]}" onto public org.springframework.http.ResponseEntity<java.util.Map<java.lang.String, java.lang.Object>> org.springframework.boot.autoconfigure.web.servlet.error.BasicErrorController.error(javax.servlet.http.HttpServletRequest)
2020-04-13 17:09:00.726 [main] INFO  o.s.w.s.m.m.a.RequestMappingHandlerMapping -
				Mapped "{[/error],produces=[text/html]}" onto public org.springframework.web.servlet.ModelAndView org.springframework.boot.autoconfigure.web.servlet.error.BasicErrorController.errorHtml(javax.servlet.http.HttpServletRequest,javax.servlet.http.HttpServletResponse)
2020-04-13 17:09:00.760 [main] INFO  o.s.web.servlet.handler.SimpleUrlHandlerMapping -
				Mapped URL path [/webjars/**] onto handler of type [class org.springframework.web.servlet.resource.ResourceHttpRequestHandler]
2020-04-13 17:09:00.761 [main] INFO  o.s.web.servlet.handler.SimpleUrlHandlerMapping -
				Mapped URL path [/**] onto handler of type [class org.springframework.web.servlet.resource.ResourceHttpRequestHandler]
2020-04-13 17:09:00.780 [main] INFO  o.s.w.s.m.m.a.ExceptionHandlerExceptionResolver -
				Detected @ExceptionHandler methods in commonExceptionHandler
2020-04-13 17:09:02.326 [main] INFO  org.springframework.cloud.commons.util.InetUtils -
				Cannot determine local hostname
2020-04-13 17:09:03.760 [main] INFO  org.springframework.cloud.commons.util.InetUtils -
				Cannot determine local hostname
2020-04-13 17:09:03.931 [main] INFO  o.s.jmx.export.annotation.AnnotationMBeanExporter -
				Registering beans for JMX exposure on startup
2020-04-13 17:09:03.941 [main] INFO  o.s.jmx.export.annotation.AnnotationMBeanExporter -
				Bean with name 'configurationPropertiesRebinder' has been autodetected for JMX exposure
2020-04-13 17:09:03.942 [main] INFO  o.s.jmx.export.annotation.AnnotationMBeanExporter -
				Bean with name 'environmentManager' has been autodetected for JMX exposure
2020-04-13 17:09:03.943 [main] INFO  o.s.jmx.export.annotation.AnnotationMBeanExporter -
				Bean with name 'refreshScope' has been autodetected for JMX exposure
2020-04-13 17:09:03.946 [main] INFO  o.s.jmx.export.annotation.AnnotationMBeanExporter -
				Located managed bean 'environmentManager': registering with JMX server as MBean [org.springframework.cloud.context.environment:name=environmentManager,type=EnvironmentManager]
2020-04-13 17:09:03.960 [main] INFO  o.s.jmx.export.annotation.AnnotationMBeanExporter -
				Located managed bean 'refreshScope': registering with JMX server as MBean [org.springframework.cloud.context.scope.refresh:name=refreshScope,type=RefreshScope]
2020-04-13 17:09:03.971 [main] INFO  o.s.jmx.export.annotation.AnnotationMBeanExporter -
				Located managed bean 'configurationPropertiesRebinder': registering with JMX server as MBean [org.springframework.cloud.context.properties:name=configurationPropertiesRebinder,context=1f9d6c7b,type=ConfigurationPropertiesRebinder]
2020-04-13 17:09:03.980 [main] INFO  o.s.context.support.DefaultLifecycleProcessor -
				Starting beans in phase 0
2020-04-13 17:09:03.990 [main] INFO  o.s.cloud.netflix.eureka.InstanceInfoFactory -
				Setting initial instance status as: STARTING
2020-04-13 17:09:04.038 [main] INFO  com.netflix.discovery.DiscoveryClient -
				Initializing Eureka in region us-east-1
2020-04-13 17:09:04.456 [main] INFO  c.n.discovery.provider.DiscoveryJerseyProvider -
				Using JSON encoding codec LegacyJacksonJson
2020-04-13 17:09:04.457 [main] INFO  c.n.discovery.provider.DiscoveryJerseyProvider -
				Using JSON decoding codec LegacyJacksonJson
2020-04-13 17:09:04.618 [main] INFO  c.n.discovery.provider.DiscoveryJerseyProvider -
				Using XML encoding codec XStreamXml
2020-04-13 17:09:04.619 [main] INFO  c.n.discovery.provider.DiscoveryJerseyProvider -
				Using XML decoding codec XStreamXml
2020-04-13 17:09:04.958 [main] INFO  c.n.d.shared.resolver.aws.ConfigClusterResolver -
				Resolving eureka endpoints via configuration
2020-04-13 17:09:05.151 [main] INFO  com.netflix.discovery.DiscoveryClient -
				Disable delta property : false
2020-04-13 17:09:05.151 [main] INFO  com.netflix.discovery.DiscoveryClient -
				Single vip registry refresh property : null
2020-04-13 17:09:05.151 [main] INFO  com.netflix.discovery.DiscoveryClient -
				Force full registry fetch : false
2020-04-13 17:09:05.151 [main] INFO  com.netflix.discovery.DiscoveryClient -
				Application is null : false
2020-04-13 17:09:05.152 [main] INFO  com.netflix.discovery.DiscoveryClient -
				Registered Applications size is zero : true
2020-04-13 17:09:05.152 [main] INFO  com.netflix.discovery.DiscoveryClient -
				Application version is -1: true
2020-04-13 17:09:05.152 [main] INFO  com.netflix.discovery.DiscoveryClient -
				Getting all instance registry info from the eureka server
2020-04-13 17:09:05.464 [main] INFO  com.netflix.discovery.DiscoveryClient -
				The response status is 200
2020-04-13 17:09:05.466 [main] INFO  com.netflix.discovery.DiscoveryClient -
				Starting heartbeat executor: renew interval is: 30
2020-04-13 17:09:05.472 [main] INFO  com.netflix.discovery.InstanceInfoReplicator -
				InstanceInfoReplicator onDemand update allowed rate per min is 4
2020-04-13 17:09:05.480 [main] INFO  com.netflix.discovery.DiscoveryClient -
				Discovery Client initialized at timestamp 1586768945479 with initial instances count: 0
2020-04-13 17:09:05.491 [main] INFO  o.s.c.n.e.serviceregistry.EurekaServiceRegistry -
				Registering application service-user with eureka with status UP
2020-04-13 17:09:05.493 [main] INFO  com.netflix.discovery.DiscoveryClient -
				Saw local status change event StatusChangeEvent [timestamp=1586768945493, current=UP, previous=STARTING]
2020-04-13 17:09:05.497 [DiscoveryClient-InstanceInfoReplicator-0] INFO  com.netflix.discovery.DiscoveryClient -
				DiscoveryClient_SERVICE-USER/localhost:service-user:8500: registering service...
2020-04-13 17:09:05.516 [main] INFO  org.apache.coyote.http11.Http11NioProtocol -
				Starting ProtocolHandler ["http-nio-8500"]
2020-04-13 17:09:05.530 [main] INFO  org.apache.tomcat.util.net.NioSelectorPool -
				Using a shared selector for servlet write/read
2020-04-13 17:09:05.582 [main] INFO  o.s.boot.web.embedded.tomcat.TomcatWebServer -
				Tomcat started on port(s): 8500 (http) with context path ''
2020-04-13 17:09:05.584 [main] INFO  o.s.c.n.e.s.EurekaAutoServiceRegistration -
				Updating port to 8500
2020-04-13 17:09:05.589 [main] INFO  com.user.Apps -
				Started Apps in 12.582 seconds (JVM running for 13.566)
2020-04-13 17:09:05.794 [DiscoveryClient-InstanceInfoReplicator-0] INFO  com.netflix.discovery.DiscoveryClient -
				DiscoveryClient_SERVICE-USER/localhost:service-user:8500 - registration status: 204
2020-04-13 17:09:35.469 [DiscoveryClient-CacheRefreshExecutor-0] INFO  com.netflix.discovery.DiscoveryClient -
				Disable delta property : false
2020-04-13 17:09:35.471 [DiscoveryClient-CacheRefreshExecutor-0] INFO  com.netflix.discovery.DiscoveryClient -
				Single vip registry refresh property : null
2020-04-13 17:09:35.472 [DiscoveryClient-CacheRefreshExecutor-0] INFO  com.netflix.discovery.DiscoveryClient -
				Force full registry fetch : false
2020-04-13 17:09:35.473 [DiscoveryClient-CacheRefreshExecutor-0] INFO  com.netflix.discovery.DiscoveryClient -
				Application is null : false
2020-04-13 17:09:35.474 [DiscoveryClient-CacheRefreshExecutor-0] INFO  com.netflix.discovery.DiscoveryClient -
				Registered Applications size is zero : true
2020-04-13 17:09:35.476 [DiscoveryClient-CacheRefreshExecutor-0] INFO  com.netflix.discovery.DiscoveryClient -
				Application version is -1: false
2020-04-13 17:09:35.477 [DiscoveryClient-CacheRefreshExecutor-0] INFO  com.netflix.discovery.DiscoveryClient -
				Getting all instance registry info from the eureka server
2020-04-13 17:09:35.572 [DiscoveryClient-CacheRefreshExecutor-0] INFO  com.netflix.discovery.DiscoveryClient -
				The response status is 200
2020-04-13 17:14:05.155 [AsyncResolver-bootstrap-executor-0] INFO  c.n.d.shared.resolver.aws.ConfigClusterResolver -
				Resolving eureka endpoints via configuration
