2020-11-17 11:32:09.119 [main] INFO  com.info.InfoApp -
                No active profile set, falling back to default profiles: default
2020-11-17 11:32:10.239 [main] WARN  org.mybatis.spring.mapper.ClassPathMapperScanner -
                Skipping MapperFactoryBean with name 'areaInfoMapper' and 'com.info.mapper.generate.AreaInfoMapper' mapperInterface. Bean already defined with the same name!
2020-11-17 11:32:10.239 [main] WARN  org.mybatis.spring.mapper.ClassPathMapperScanner -
                Skipping MapperFactoryBean with name 'authInfoMapper' and 'com.info.mapper.generate.AuthInfoMapper' mapperInterface. Bean already defined with the same name!
2020-11-17 11:32:10.240 [main] WARN  org.mybatis.spring.mapper.ClassPathMapperScanner -
                Skipping MapperFactoryBean with name 'cityInfoMapper' and 'com.info.mapper.generate.CityInfoMapper' mapperInterface. Bean already defined with the same name!
2020-11-17 11:32:10.240 [main] WARN  org.mybatis.spring.mapper.ClassPathMapperScanner -
                Skipping MapperFactoryBean with name 'photoInfoMapper' and 'com.info.mapper.generate.PhotoInfoMapper' mapperInterface. Bean already defined with the same name!
2020-11-17 11:32:10.240 [main] WARN  org.mybatis.spring.mapper.ClassPathMapperScanner -
                Skipping MapperFactoryBean with name 'provinceInfoMapper' and 'com.info.mapper.generate.ProvinceInfoMapper' mapperInterface. Bean already defined with the same name!
2020-11-17 11:32:10.240 [main] WARN  org.mybatis.spring.mapper.ClassPathMapperScanner -
                Skipping MapperFactoryBean with name 'regionMapper' and 'com.info.mapper.generate.RegionMapper' mapperInterface. Bean already defined with the same name!
2020-11-17 11:32:10.240 [main] WARN  org.mybatis.spring.mapper.ClassPathMapperScanner -
                Skipping MapperFactoryBean with name 'roleAuthInfoMapper' and 'com.info.mapper.generate.RoleAuthInfoMapper' mapperInterface. Bean already defined with the same name!
2020-11-17 11:32:10.241 [main] WARN  org.mybatis.spring.mapper.ClassPathMapperScanner -
                Skipping MapperFactoryBean with name 'roleInfoMapper' and 'com.info.mapper.generate.RoleInfoMapper' mapperInterface. Bean already defined with the same name!
2020-11-17 11:32:10.241 [main] WARN  org.mybatis.spring.mapper.ClassPathMapperScanner -
                Skipping MapperFactoryBean with name 'roleUserInfoMapper' and 'com.info.mapper.generate.RoleUserInfoMapper' mapperInterface. Bean already defined with the same name!
2020-11-17 11:32:10.241 [main] WARN  org.mybatis.spring.mapper.ClassPathMapperScanner -
                Skipping MapperFactoryBean with name 'streetInfoMapper' and 'com.info.mapper.generate.StreetInfoMapper' mapperInterface. Bean already defined with the same name!
2020-11-17 11:32:10.241 [main] WARN  org.mybatis.spring.mapper.ClassPathMapperScanner -
                Skipping MapperFactoryBean with name 'TUserMapper' and 'com.info.mapper.generate.TUserMapper' mapperInterface. Bean already defined with the same name!
2020-11-17 11:32:10.241 [main] WARN  org.mybatis.spring.mapper.ClassPathMapperScanner -
                Skipping MapperFactoryBean with name 'userInfosMapper' and 'com.info.mapper.generate.UserInfosMapper' mapperInterface. Bean already defined with the same name!
2020-11-17 11:32:10.320 [main] INFO  o.springframework.cloud.context.scope.GenericScope -
                BeanFactory id=616f9069-18ee-395a-a2ce-2e4d984c2e69
2020-11-17 11:32:10.958 [main] INFO  o.s.boot.web.embedded.tomcat.TomcatWebServer -
                Tomcat initialized with port(s): 8510 (http)
2020-11-17 11:32:10.974 [main] INFO  org.apache.coyote.http11.Http11NioProtocol -
                Initializing ProtocolHandler ["http-nio-8510"]
2020-11-17 11:32:10.975 [main] INFO  org.apache.catalina.core.StandardService -
                Starting service [Tomcat]
2020-11-17 11:32:10.975 [main] INFO  org.apache.catalina.core.StandardEngine -
                Starting Servlet engine: [Apache Tomcat/9.0.35]
2020-11-17 11:32:10.978 [main] INFO  org.apache.catalina.core.AprLifecycleListener -
                An older version [1.2.16] of the Apache Tomcat Native library is installed, while Tomcat recommends a minimum version of [1.2.23]
2020-11-17 11:32:10.978 [main] INFO  org.apache.catalina.core.AprLifecycleListener -
                Loaded Apache Tomcat Native library [1.2.16] using APR version [1.6.3].
2020-11-17 11:32:10.979 [main] INFO  org.apache.catalina.core.AprLifecycleListener -
                APR capabilities: IPv6 [true], sendfile [true], accept filters [false], random [true].
2020-11-17 11:32:10.979 [main] INFO  org.apache.catalina.core.AprLifecycleListener -
                APR/OpenSSL configuration: useAprConnector [false], useOpenSSL [true]
2020-11-17 11:32:12.036 [main] INFO  org.apache.catalina.core.AprLifecycleListener -
                OpenSSL successfully initialized [OpenSSL 1.0.2m  2 Nov 2017]
2020-11-17 11:32:12.191 [main] INFO  o.a.c.core.ContainerBase.[Tomcat].[localhost].[/] -
                Initializing Spring embedded WebApplicationContext
2020-11-17 11:32:12.191 [main] INFO  org.springframework.web.context.ContextLoader -
                Root WebApplicationContext: initialization completed in 3051 ms
2020-11-17 11:32:12.379 [main] WARN  o.s.b.w.s.c.AnnotationConfigServletWebServerApplicationContext -
                Exception encountered during context initialization - cancelling refresh attempt: org.springframework.beans.factory.UnsatisfiedDependencyException: Error creating bean with name 'adminController': Unsatisfied dependency expressed through field 'adminService'; nested exception is org.springframework.beans.factory.UnsatisfiedDependencyException: Error creating bean with name 'adminServiceImpl': Unsatisfied dependency expressed through field 'provinceInfoMapper'; nested exception is org.springframework.beans.factory.UnsatisfiedDependencyException: Error creating bean with name 'provinceInfoMapper' defined in file [C:\kyProject\springcloud\provider-info\target\classes\com\info\mapper\generate\ProvinceInfoMapper.class]: Unsatisfied dependency expressed through bean property 'sqlSessionFactory'; nested exception is org.springframework.beans.factory.UnsatisfiedDependencyException: Error creating bean with name 'sqlSessionFactory' defined in class path resource [org/mybatis/spring/boot/autoconfigure/MybatisAutoConfiguration.class]: Unsatisfied dependency expressed through method 'sqlSessionFactory' parameter 0; nested exception is org.springframework.beans.factory.BeanCreationException: Error creating bean with name 'dataSource' defined in class path resource [org/springframework/boot/autoconfigure/jdbc/DataSourceConfiguration$Hikari.class]: Bean instantiation via factory method failed; nested exception is org.springframework.beans.BeanInstantiationException: Failed to instantiate [com.zaxxer.hikari.HikariDataSource]: Factory method 'dataSource' threw exception; nested exception is java.lang.IllegalStateException: Cannot load driver class: net.sf.log4jdbc.DriverSpy
2020-11-17 11:32:12.380 [main] INFO  org.apache.catalina.core.StandardService -
                Stopping service [Tomcat]
2020-11-17 11:32:12.394 [main] INFO  o.s.b.a.l.ConditionEvaluationReportLoggingListener -
                

Error starting ApplicationContext. To display the conditions report re-run your application with 'debug' enabled.
2020-11-17 11:32:12.406 [main] ERROR org.springframework.boot.SpringApplication -
                Application run failed
org.springframework.beans.factory.UnsatisfiedDependencyException: Error creating bean with name 'adminController': Unsatisfied dependency expressed through field 'adminService'; nested exception is org.springframework.beans.factory.UnsatisfiedDependencyException: Error creating bean with name 'adminServiceImpl': Unsatisfied dependency expressed through field 'provinceInfoMapper'; nested exception is org.springframework.beans.factory.UnsatisfiedDependencyException: Error creating bean with name 'provinceInfoMapper' defined in file [C:\kyProject\springcloud\provider-info\target\classes\com\info\mapper\generate\ProvinceInfoMapper.class]: Unsatisfied dependency expressed through bean property 'sqlSessionFactory'; nested exception is org.springframework.beans.factory.UnsatisfiedDependencyException: Error creating bean with name 'sqlSessionFactory' defined in class path resource [org/mybatis/spring/boot/autoconfigure/MybatisAutoConfiguration.class]: Unsatisfied dependency expressed through method 'sqlSessionFactory' parameter 0; nested exception is org.springframework.beans.factory.BeanCreationException: Error creating bean with name 'dataSource' defined in class path resource [org/springframework/boot/autoconfigure/jdbc/DataSourceConfiguration$Hikari.class]: Bean instantiation via factory method failed; nested exception is org.springframework.beans.BeanInstantiationException: Failed to instantiate [com.zaxxer.hikari.HikariDataSource]: Factory method 'dataSource' threw exception; nested exception is java.lang.IllegalStateException: Cannot load driver class: net.sf.log4jdbc.DriverSpy
	at org.springframework.beans.factory.annotation.AutowiredAnnotationBeanPostProcessor$AutowiredFieldElement.inject(AutowiredAnnotationBeanPostProcessor.java:643)
	at org.springframework.beans.factory.annotation.InjectionMetadata.inject(InjectionMetadata.java:130)
	at org.springframework.beans.factory.annotation.AutowiredAnnotationBeanPostProcessor.postProcessProperties(AutowiredAnnotationBeanPostProcessor.java:399)
	at org.springframework.beans.factory.support.AbstractAutowireCapableBeanFactory.populateBean(AbstractAutowireCapableBeanFactory.java:1422)
	at org.springframework.beans.factory.support.AbstractAutowireCapableBeanFactory.doCreateBean(AbstractAutowireCapableBeanFactory.java:594)
	at org.springframework.beans.factory.support.AbstractAutowireCapableBeanFactory.createBean(AbstractAutowireCapableBeanFactory.java:517)
	at org.springframework.beans.factory.support.AbstractBeanFactory.lambda$doGetBean$0(AbstractBeanFactory.java:323)
	at org.springframework.beans.factory.support.DefaultSingletonBeanRegistry.getSingleton(DefaultSingletonBeanRegistry.java:226)
	at org.springframework.beans.factory.support.AbstractBeanFactory.doGetBean(AbstractBeanFactory.java:321)
	at org.springframework.beans.factory.support.AbstractBeanFactory.getBean(AbstractBeanFactory.java:202)
	at org.springframework.beans.factory.support.DefaultListableBeanFactory.preInstantiateSingletons(DefaultListableBeanFactory.java:895)
	at org.springframework.context.support.AbstractApplicationContext.finishBeanFactoryInitialization(AbstractApplicationContext.java:878)
	at org.springframework.context.support.AbstractApplicationContext.refresh(AbstractApplicationContext.java:550)
	at org.springframework.boot.web.servlet.context.ServletWebServerApplicationContext.refresh(ServletWebServerApplicationContext.java:143)
	at org.springframework.boot.SpringApplication.refresh(SpringApplication.java:758)
	at org.springframework.boot.SpringApplication.refresh(SpringApplication.java:750)
	at org.springframework.boot.SpringApplication.refreshContext(SpringApplication.java:397)
	at org.springframework.boot.SpringApplication.run(SpringApplication.java:315)
	at org.springframework.boot.SpringApplication.run(SpringApplication.java:1237)
	at org.springframework.boot.SpringApplication.run(SpringApplication.java:1226)
	at com.info.InfoApp.main(InfoApp.java:14)
Caused by: org.springframework.beans.factory.UnsatisfiedDependencyException: Error creating bean with name 'adminServiceImpl': Unsatisfied dependency expressed through field 'provinceInfoMapper'; nested exception is org.springframework.beans.factory.UnsatisfiedDependencyException: Error creating bean with name 'provinceInfoMapper' defined in file [C:\kyProject\springcloud\provider-info\target\classes\com\info\mapper\generate\ProvinceInfoMapper.class]: Unsatisfied dependency expressed through bean property 'sqlSessionFactory'; nested exception is org.springframework.beans.factory.UnsatisfiedDependencyException: Error creating bean with name 'sqlSessionFactory' defined in class path resource [org/mybatis/spring/boot/autoconfigure/MybatisAutoConfiguration.class]: Unsatisfied dependency expressed through method 'sqlSessionFactory' parameter 0; nested exception is org.springframework.beans.factory.BeanCreationException: Error creating bean with name 'dataSource' defined in class path resource [org/springframework/boot/autoconfigure/jdbc/DataSourceConfiguration$Hikari.class]: Bean instantiation via factory method failed; nested exception is org.springframework.beans.BeanInstantiationException: Failed to instantiate [com.zaxxer.hikari.HikariDataSource]: Factory method 'dataSource' threw exception; nested exception is java.lang.IllegalStateException: Cannot load driver class: net.sf.log4jdbc.DriverSpy
	at org.springframework.beans.factory.annotation.AutowiredAnnotationBeanPostProcessor$AutowiredFieldElement.inject(AutowiredAnnotationBeanPostProcessor.java:643)
	at org.springframework.beans.factory.annotation.InjectionMetadata.inject(InjectionMetadata.java:130)
	at org.springframework.beans.factory.annotation.AutowiredAnnotationBeanPostProcessor.postProcessProperties(AutowiredAnnotationBeanPostProcessor.java:399)
	at org.springframework.beans.factory.support.AbstractAutowireCapableBeanFactory.populateBean(AbstractAutowireCapableBeanFactory.java:1422)
	at org.springframework.beans.factory.support.AbstractAutowireCapableBeanFactory.doCreateBean(AbstractAutowireCapableBeanFactory.java:594)
	at org.springframework.beans.factory.support.AbstractAutowireCapableBeanFactory.createBean(AbstractAutowireCapableBeanFactory.java:517)
	at org.springframework.beans.factory.support.AbstractBeanFactory.lambda$doGetBean$0(AbstractBeanFactory.java:323)
	at org.springframework.beans.factory.support.DefaultSingletonBeanRegistry.getSingleton(DefaultSingletonBeanRegistry.java:226)
	at org.springframework.beans.factory.support.AbstractBeanFactory.doGetBean(AbstractBeanFactory.java:321)
	at org.springframework.beans.factory.support.AbstractBeanFactory.getBean(AbstractBeanFactory.java:202)
	at org.springframework.beans.factory.config.DependencyDescriptor.resolveCandidate(DependencyDescriptor.java:276)
	at org.springframework.beans.factory.support.DefaultListableBeanFactory.doResolveDependency(DefaultListableBeanFactory.java:1306)
	at org.springframework.beans.factory.support.DefaultListableBeanFactory.resolveDependency(DefaultListableBeanFactory.java:1226)
	at org.springframework.beans.factory.annotation.AutowiredAnnotationBeanPostProcessor$AutowiredFieldElement.inject(AutowiredAnnotationBeanPostProcessor.java:640)
	... 20 common frames omitted
Caused by: org.springframework.beans.factory.UnsatisfiedDependencyException: Error creating bean with name 'provinceInfoMapper' defined in file [C:\kyProject\springcloud\provider-info\target\classes\com\info\mapper\generate\ProvinceInfoMapper.class]: Unsatisfied dependency expressed through bean property 'sqlSessionFactory'; nested exception is org.springframework.beans.factory.UnsatisfiedDependencyException: Error creating bean with name 'sqlSessionFactory' defined in class path resource [org/mybatis/spring/boot/autoconfigure/MybatisAutoConfiguration.class]: Unsatisfied dependency expressed through method 'sqlSessionFactory' parameter 0; nested exception is org.springframework.beans.factory.BeanCreationException: Error creating bean with name 'dataSource' defined in class path resource [org/springframework/boot/autoconfigure/jdbc/DataSourceConfiguration$Hikari.class]: Bean instantiation via factory method failed; nested exception is org.springframework.beans.BeanInstantiationException: Failed to instantiate [com.zaxxer.hikari.HikariDataSource]: Factory method 'dataSource' threw exception; nested exception is java.lang.IllegalStateException: Cannot load driver class: net.sf.log4jdbc.DriverSpy
	at org.springframework.beans.factory.support.AbstractAutowireCapableBeanFactory.autowireByType(AbstractAutowireCapableBeanFactory.java:1526)
	at org.springframework.beans.factory.support.AbstractAutowireCapableBeanFactory.populateBean(AbstractAutowireCapableBeanFactory.java:1406)
	at org.springframework.beans.factory.support.AbstractAutowireCapableBeanFactory.doCreateBean(AbstractAutowireCapableBeanFactory.java:594)
	at org.springframework.beans.factory.support.AbstractAutowireCapableBeanFactory.createBean(AbstractAutowireCapableBeanFactory.java:517)
	at org.springframework.beans.factory.support.AbstractBeanFactory.lambda$doGetBean$0(AbstractBeanFactory.java:323)
	at org.springframework.beans.factory.support.DefaultSingletonBeanRegistry.getSingleton(DefaultSingletonBeanRegistry.java:226)
	at org.springframework.beans.factory.support.AbstractBeanFactory.doGetBean(AbstractBeanFactory.java:321)
	at org.springframework.beans.factory.support.AbstractBeanFactory.getBean(AbstractBeanFactory.java:202)
	at org.springframework.beans.factory.config.DependencyDescriptor.resolveCandidate(DependencyDescriptor.java:276)
	at org.springframework.beans.factory.support.DefaultListableBeanFactory.doResolveDependency(DefaultListableBeanFactory.java:1306)
	at org.springframework.beans.factory.support.DefaultListableBeanFactory.resolveDependency(DefaultListableBeanFactory.java:1226)
	at org.springframework.beans.factory.annotation.AutowiredAnnotationBeanPostProcessor$AutowiredFieldElement.inject(AutowiredAnnotationBeanPostProcessor.java:640)
	... 33 common frames omitted
Caused by: org.springframework.beans.factory.UnsatisfiedDependencyException: Error creating bean with name 'sqlSessionFactory' defined in class path resource [org/mybatis/spring/boot/autoconfigure/MybatisAutoConfiguration.class]: Unsatisfied dependency expressed through method 'sqlSessionFactory' parameter 0; nested exception is org.springframework.beans.factory.BeanCreationException: Error creating bean with name 'dataSource' defined in class path resource [org/springframework/boot/autoconfigure/jdbc/DataSourceConfiguration$Hikari.class]: Bean instantiation via factory method failed; nested exception is org.springframework.beans.BeanInstantiationException: Failed to instantiate [com.zaxxer.hikari.HikariDataSource]: Factory method 'dataSource' threw exception; nested exception is java.lang.IllegalStateException: Cannot load driver class: net.sf.log4jdbc.DriverSpy
	at org.springframework.beans.factory.support.ConstructorResolver.createArgumentArray(ConstructorResolver.java:798)
	at org.springframework.beans.factory.support.ConstructorResolver.instantiateUsingFactoryMethod(ConstructorResolver.java:539)
	at org.springframework.beans.factory.support.AbstractAutowireCapableBeanFactory.instantiateUsingFactoryMethod(AbstractAutowireCapableBeanFactory.java:1338)
	at org.springframework.beans.factory.support.AbstractAutowireCapableBeanFactory.createBeanInstance(AbstractAutowireCapableBeanFactory.java:1177)
	at org.springframework.beans.factory.support.AbstractAutowireCapableBeanFactory.doCreateBean(AbstractAutowireCapableBeanFactory.java:557)
	at org.springframework.beans.factory.support.AbstractAutowireCapableBeanFactory.createBean(AbstractAutowireCapableBeanFactory.java:517)
	at org.springframework.beans.factory.support.AbstractBeanFactory.lambda$doGetBean$0(AbstractBeanFactory.java:323)
	at org.springframework.beans.factory.support.DefaultSingletonBeanRegistry.getSingleton(DefaultSingletonBeanRegistry.java:226)
	at org.springframework.beans.factory.support.AbstractBeanFactory.doGetBean(AbstractBeanFactory.java:321)
	at org.springframework.beans.factory.support.AbstractBeanFactory.getBean(AbstractBeanFactory.java:202)
	at org.springframework.beans.factory.config.DependencyDescriptor.resolveCandidate(DependencyDescriptor.java:276)
	at org.springframework.beans.factory.support.DefaultListableBeanFactory.doResolveDependency(DefaultListableBeanFactory.java:1306)
	at org.springframework.beans.factory.support.DefaultListableBeanFactory.resolveDependency(DefaultListableBeanFactory.java:1226)
	at org.springframework.beans.factory.support.AbstractAutowireCapableBeanFactory.autowireByType(AbstractAutowireCapableBeanFactory.java:1511)
	... 44 common frames omitted
Caused by: org.springframework.beans.factory.BeanCreationException: Error creating bean with name 'dataSource' defined in class path resource [org/springframework/boot/autoconfigure/jdbc/DataSourceConfiguration$Hikari.class]: Bean instantiation via factory method failed; nested exception is org.springframework.beans.BeanInstantiationException: Failed to instantiate [com.zaxxer.hikari.HikariDataSource]: Factory method 'dataSource' threw exception; nested exception is java.lang.IllegalStateException: Cannot load driver class: net.sf.log4jdbc.DriverSpy
	at org.springframework.beans.factory.support.ConstructorResolver.instantiate(ConstructorResolver.java:656)
	at org.springframework.beans.factory.support.ConstructorResolver.instantiateUsingFactoryMethod(ConstructorResolver.java:636)
	at org.springframework.beans.factory.support.AbstractAutowireCapableBeanFactory.instantiateUsingFactoryMethod(AbstractAutowireCapableBeanFactory.java:1338)
	at org.springframework.beans.factory.support.AbstractAutowireCapableBeanFactory.createBeanInstance(AbstractAutowireCapableBeanFactory.java:1177)
	at org.springframework.beans.factory.support.AbstractAutowireCapableBeanFactory.doCreateBean(AbstractAutowireCapableBeanFactory.java:557)
	at org.springframework.beans.factory.support.AbstractAutowireCapableBeanFactory.createBean(AbstractAutowireCapableBeanFactory.java:517)
	at org.springframework.beans.factory.support.AbstractBeanFactory.lambda$doGetBean$0(AbstractBeanFactory.java:323)
	at org.springframework.beans.factory.support.DefaultSingletonBeanRegistry.getSingleton(DefaultSingletonBeanRegistry.java:226)
	at org.springframework.beans.factory.support.AbstractBeanFactory.doGetBean(AbstractBeanFactory.java:321)
	at org.springframework.beans.factory.support.AbstractBeanFactory.getBean(AbstractBeanFactory.java:202)
	at org.springframework.beans.factory.config.DependencyDescriptor.resolveCandidate(DependencyDescriptor.java:276)
	at org.springframework.beans.factory.support.DefaultListableBeanFactory.doResolveDependency(DefaultListableBeanFactory.java:1306)
	at org.springframework.beans.factory.support.DefaultListableBeanFactory.resolveDependency(DefaultListableBeanFactory.java:1226)
	at org.springframework.beans.factory.support.ConstructorResolver.resolveAutowiredArgument(ConstructorResolver.java:885)
	at org.springframework.beans.factory.support.ConstructorResolver.createArgumentArray(ConstructorResolver.java:789)
	... 57 common frames omitted
Caused by: org.springframework.beans.BeanInstantiationException: Failed to instantiate [com.zaxxer.hikari.HikariDataSource]: Factory method 'dataSource' threw exception; nested exception is java.lang.IllegalStateException: Cannot load driver class: net.sf.log4jdbc.DriverSpy
	at org.springframework.beans.factory.support.SimpleInstantiationStrategy.instantiate(SimpleInstantiationStrategy.java:185)
	at org.springframework.beans.factory.support.ConstructorResolver.instantiate(ConstructorResolver.java:651)
	... 71 common frames omitted
Caused by: java.lang.IllegalStateException: Cannot load driver class: net.sf.log4jdbc.DriverSpy
	at org.springframework.util.Assert.state(Assert.java:94)
	at org.springframework.boot.autoconfigure.jdbc.DataSourceProperties.determineDriverClassName(DataSourceProperties.java:223)
	at org.springframework.boot.autoconfigure.jdbc.DataSourceProperties.initializeDataSourceBuilder(DataSourceProperties.java:175)
	at org.springframework.boot.autoconfigure.jdbc.DataSourceConfiguration.createDataSource(DataSourceConfiguration.java:43)
	at org.springframework.boot.autoconfigure.jdbc.DataSourceConfiguration$Hikari.dataSource(DataSourceConfiguration.java:85)
	at sun.reflect.NativeMethodAccessorImpl.invoke0(Native Method)
	at sun.reflect.NativeMethodAccessorImpl.invoke(NativeMethodAccessorImpl.java:62)
	at sun.reflect.DelegatingMethodAccessorImpl.invoke(DelegatingMethodAccessorImpl.java:43)
	at java.lang.reflect.Method.invoke(Method.java:498)
	at org.springframework.beans.factory.support.SimpleInstantiationStrategy.instantiate(SimpleInstantiationStrategy.java:154)
	... 72 common frames omitted
2020-11-17 11:32:12.408 [main] WARN  org.springframework.boot.SpringApplication -
                Unable to close ApplicationContext
org.springframework.beans.factory.BeanCreationException: Error creating bean with name 'springApplicationAdminRegistrar' defined in class path resource [org/springframework/boot/autoconfigure/admin/SpringApplicationAdminJmxAutoConfiguration.class]: BeanPostProcessor before instantiation of bean failed; nested exception is org.springframework.beans.factory.BeanCreationException: Error creating bean with name 'org.springframework.transaction.annotation.ProxyTransactionManagementConfiguration': Initialization of bean failed; nested exception is org.springframework.beans.factory.NoSuchBeanDefinitionException: No bean named 'org.springframework.context.annotation.ConfigurationClassPostProcessor.importRegistry' available
	at org.springframework.beans.factory.support.AbstractAutowireCapableBeanFactory.createBean(AbstractAutowireCapableBeanFactory.java:512)
	at org.springframework.beans.factory.support.AbstractBeanFactory.lambda$doGetBean$0(AbstractBeanFactory.java:323)
	at org.springframework.beans.factory.support.DefaultSingletonBeanRegistry.getSingleton(DefaultSingletonBeanRegistry.java:226)
	at org.springframework.beans.factory.support.AbstractBeanFactory.doGetBean(AbstractBeanFactory.java:321)
	at org.springframework.beans.factory.support.AbstractBeanFactory.getBean(AbstractBeanFactory.java:207)
	at org.springframework.context.event.AbstractApplicationEventMulticaster.retrieveApplicationListeners(AbstractApplicationEventMulticaster.java:245)
	at org.springframework.context.event.AbstractApplicationEventMulticaster.getApplicationListeners(AbstractApplicationEventMulticaster.java:197)
	at org.springframework.context.event.SimpleApplicationEventMulticaster.multicastEvent(SimpleApplicationEventMulticaster.java:134)
	at org.springframework.context.support.AbstractApplicationContext.publishEvent(AbstractApplicationContext.java:403)
	at org.springframework.context.support.AbstractApplicationContext.publishEvent(AbstractApplicationContext.java:360)
	at org.springframework.boot.availability.AvailabilityChangeEvent.publish(AvailabilityChangeEvent.java:81)
	at org.springframework.boot.availability.AvailabilityChangeEvent.publish(AvailabilityChangeEvent.java:67)
	at org.springframework.boot.web.servlet.context.ServletWebServerApplicationContext.doClose(ServletWebServerApplicationContext.java:167)
	at org.springframework.context.support.AbstractApplicationContext.close(AbstractApplicationContext.java:978)
	at org.springframework.boot.SpringApplication.handleRunFailure(SpringApplication.java:814)
	at org.springframework.boot.SpringApplication.run(SpringApplication.java:325)
	at org.springframework.boot.SpringApplication.run(SpringApplication.java:1237)
	at org.springframework.boot.SpringApplication.run(SpringApplication.java:1226)
	at com.info.InfoApp.main(InfoApp.java:14)
Caused by: org.springframework.beans.factory.BeanCreationException: Error creating bean with name 'org.springframework.transaction.annotation.ProxyTransactionManagementConfiguration': Initialization of bean failed; nested exception is org.springframework.beans.factory.NoSuchBeanDefinitionException: No bean named 'org.springframework.context.annotation.ConfigurationClassPostProcessor.importRegistry' available
	at org.springframework.beans.factory.support.AbstractAutowireCapableBeanFactory.doCreateBean(AbstractAutowireCapableBeanFactory.java:603)
	at org.springframework.beans.factory.support.AbstractAutowireCapableBeanFactory.createBean(AbstractAutowireCapableBeanFactory.java:517)
	at org.springframework.beans.factory.support.AbstractBeanFactory.lambda$doGetBean$0(AbstractBeanFactory.java:323)
	at org.springframework.beans.factory.support.DefaultSingletonBeanRegistry.getSingleton(DefaultSingletonBeanRegistry.java:226)
	at org.springframework.beans.factory.support.AbstractBeanFactory.doGetBean(AbstractBeanFactory.java:321)
	at org.springframework.beans.factory.support.AbstractBeanFactory.getBean(AbstractBeanFactory.java:202)
	at org.springframework.beans.factory.support.ConstructorResolver.instantiateUsingFactoryMethod(ConstructorResolver.java:409)
	at org.springframework.beans.factory.support.AbstractAutowireCapableBeanFactory.instantiateUsingFactoryMethod(AbstractAutowireCapableBeanFactory.java:1338)
	at org.springframework.beans.factory.support.AbstractAutowireCapableBeanFactory.createBeanInstance(AbstractAutowireCapableBeanFactory.java:1177)
	at org.springframework.beans.factory.support.AbstractAutowireCapableBeanFactory.doCreateBean(AbstractAutowireCapableBeanFactory.java:557)
	at org.springframework.beans.factory.support.AbstractAutowireCapableBeanFactory.createBean(AbstractAutowireCapableBeanFactory.java:517)
	at org.springframework.beans.factory.support.AbstractBeanFactory.lambda$doGetBean$0(AbstractBeanFactory.java:323)
	at org.springframework.beans.factory.support.DefaultSingletonBeanRegistry.getSingleton(DefaultSingletonBeanRegistry.java:226)
	at org.springframework.beans.factory.support.AbstractBeanFactory.doGetBean(AbstractBeanFactory.java:321)
	at org.springframework.beans.factory.support.AbstractBeanFactory.getBean(AbstractBeanFactory.java:207)
	at org.springframework.aop.framework.autoproxy.BeanFactoryAdvisorRetrievalHelper.findAdvisorBeans(BeanFactoryAdvisorRetrievalHelper.java:91)
	at org.springframework.aop.framework.autoproxy.AbstractAdvisorAutoProxyCreator.findCandidateAdvisors(AbstractAdvisorAutoProxyCreator.java:109)
	at org.springframework.aop.aspectj.annotation.AnnotationAwareAspectJAutoProxyCreator.findCandidateAdvisors(AnnotationAwareAspectJAutoProxyCreator.java:92)
	at org.springframework.aop.aspectj.autoproxy.AspectJAwareAdvisorAutoProxyCreator.shouldSkip(AspectJAwareAdvisorAutoProxyCreator.java:101)
	at org.springframework.aop.framework.autoproxy.AbstractAutoProxyCreator.postProcessBeforeInstantiation(AbstractAutoProxyCreator.java:251)
	at org.springframework.beans.factory.support.AbstractAutowireCapableBeanFactory.applyBeanPostProcessorsBeforeInstantiation(AbstractAutowireCapableBeanFactory.java:1141)
	at org.springframework.beans.factory.support.AbstractAutowireCapableBeanFactory.resolveBeforeInstantiation(AbstractAutowireCapableBeanFactory.java:1114)
	at org.springframework.beans.factory.support.AbstractAutowireCapableBeanFactory.createBean(AbstractAutowireCapableBeanFactory.java:506)
	... 18 common frames omitted
Caused by: org.springframework.beans.factory.NoSuchBeanDefinitionException: No bean named 'org.springframework.context.annotation.ConfigurationClassPostProcessor.importRegistry' available
	at org.springframework.beans.factory.support.DefaultListableBeanFactory.getBeanDefinition(DefaultListableBeanFactory.java:814)
	at org.springframework.beans.factory.support.AbstractBeanFactory.getMergedLocalBeanDefinition(AbstractBeanFactory.java:1282)
	at org.springframework.beans.factory.support.AbstractBeanFactory.doGetBean(AbstractBeanFactory.java:297)
	at org.springframework.beans.factory.support.AbstractBeanFactory.doGetBean(AbstractBeanFactory.java:276)
	at org.springframework.beans.factory.support.AbstractBeanFactory.getBean(AbstractBeanFactory.java:207)
	at org.springframework.context.annotation.ConfigurationClassPostProcessor$ImportAwareBeanPostProcessor.postProcessBeforeInitialization(ConfigurationClassPostProcessor.java:456)
	at org.springframework.beans.factory.support.AbstractAutowireCapableBeanFactory.applyBeanPostProcessorsBeforeInitialization(AbstractAutowireCapableBeanFactory.java:416)
	at org.springframework.beans.factory.support.AbstractAutowireCapableBeanFactory.initializeBean(AbstractAutowireCapableBeanFactory.java:1788)
	at org.springframework.beans.factory.support.AbstractAutowireCapableBeanFactory.doCreateBean(AbstractAutowireCapableBeanFactory.java:595)
	... 40 common frames omitted
2020-11-17 11:33:03.966 [main] INFO  com.info.InfoApp -
                No active profile set, falling back to default profiles: default
2020-11-17 11:33:04.774 [main] WARN  org.mybatis.spring.mapper.ClassPathMapperScanner -
                Skipping MapperFactoryBean with name 'areaInfoMapper' and 'com.info.mapper.generate.AreaInfoMapper' mapperInterface. Bean already defined with the same name!
2020-11-17 11:33:04.774 [main] WARN  org.mybatis.spring.mapper.ClassPathMapperScanner -
                Skipping MapperFactoryBean with name 'authInfoMapper' and 'com.info.mapper.generate.AuthInfoMapper' mapperInterface. Bean already defined with the same name!
2020-11-17 11:33:04.774 [main] WARN  org.mybatis.spring.mapper.ClassPathMapperScanner -
                Skipping MapperFactoryBean with name 'cityInfoMapper' and 'com.info.mapper.generate.CityInfoMapper' mapperInterface. Bean already defined with the same name!
2020-11-17 11:33:04.774 [main] WARN  org.mybatis.spring.mapper.ClassPathMapperScanner -
                Skipping MapperFactoryBean with name 'photoInfoMapper' and 'com.info.mapper.generate.PhotoInfoMapper' mapperInterface. Bean already defined with the same name!
2020-11-17 11:33:04.775 [main] WARN  org.mybatis.spring.mapper.ClassPathMapperScanner -
                Skipping MapperFactoryBean with name 'provinceInfoMapper' and 'com.info.mapper.generate.ProvinceInfoMapper' mapperInterface. Bean already defined with the same name!
2020-11-17 11:33:04.775 [main] WARN  org.mybatis.spring.mapper.ClassPathMapperScanner -
                Skipping MapperFactoryBean with name 'regionMapper' and 'com.info.mapper.generate.RegionMapper' mapperInterface. Bean already defined with the same name!
2020-11-17 11:33:04.775 [main] WARN  org.mybatis.spring.mapper.ClassPathMapperScanner -
                Skipping MapperFactoryBean with name 'roleAuthInfoMapper' and 'com.info.mapper.generate.RoleAuthInfoMapper' mapperInterface. Bean already defined with the same name!
2020-11-17 11:33:04.775 [main] WARN  org.mybatis.spring.mapper.ClassPathMapperScanner -
                Skipping MapperFactoryBean with name 'roleInfoMapper' and 'com.info.mapper.generate.RoleInfoMapper' mapperInterface. Bean already defined with the same name!
2020-11-17 11:33:04.775 [main] WARN  org.mybatis.spring.mapper.ClassPathMapperScanner -
                Skipping MapperFactoryBean with name 'roleUserInfoMapper' and 'com.info.mapper.generate.RoleUserInfoMapper' mapperInterface. Bean already defined with the same name!
2020-11-17 11:33:04.775 [main] WARN  org.mybatis.spring.mapper.ClassPathMapperScanner -
                Skipping MapperFactoryBean with name 'streetInfoMapper' and 'com.info.mapper.generate.StreetInfoMapper' mapperInterface. Bean already defined with the same name!
2020-11-17 11:33:04.775 [main] WARN  org.mybatis.spring.mapper.ClassPathMapperScanner -
                Skipping MapperFactoryBean with name 'TUserMapper' and 'com.info.mapper.generate.TUserMapper' mapperInterface. Bean already defined with the same name!
2020-11-17 11:33:04.775 [main] WARN  org.mybatis.spring.mapper.ClassPathMapperScanner -
                Skipping MapperFactoryBean with name 'userInfosMapper' and 'com.info.mapper.generate.UserInfosMapper' mapperInterface. Bean already defined with the same name!
2020-11-17 11:33:04.855 [main] INFO  o.springframework.cloud.context.scope.GenericScope -
                BeanFactory id=616f9069-18ee-395a-a2ce-2e4d984c2e69
2020-11-17 11:33:05.245 [main] INFO  o.s.boot.web.embedded.tomcat.TomcatWebServer -
                Tomcat initialized with port(s): 8510 (http)
2020-11-17 11:33:05.254 [main] INFO  org.apache.coyote.http11.Http11NioProtocol -
                Initializing ProtocolHandler ["http-nio-8510"]
2020-11-17 11:33:05.255 [main] INFO  org.apache.catalina.core.StandardService -
                Starting service [Tomcat]
2020-11-17 11:33:05.256 [main] INFO  org.apache.catalina.core.StandardEngine -
                Starting Servlet engine: [Apache Tomcat/9.0.35]
2020-11-17 11:33:05.257 [main] INFO  org.apache.catalina.core.AprLifecycleListener -
                An older version [1.2.16] of the Apache Tomcat Native library is installed, while Tomcat recommends a minimum version of [1.2.23]
2020-11-17 11:33:05.258 [main] INFO  org.apache.catalina.core.AprLifecycleListener -
                Loaded Apache Tomcat Native library [1.2.16] using APR version [1.6.3].
2020-11-17 11:33:05.258 [main] INFO  org.apache.catalina.core.AprLifecycleListener -
                APR capabilities: IPv6 [true], sendfile [true], accept filters [false], random [true].
2020-11-17 11:33:05.258 [main] INFO  org.apache.catalina.core.AprLifecycleListener -
                APR/OpenSSL configuration: useAprConnector [false], useOpenSSL [true]
2020-11-17 11:33:06.291 [main] INFO  org.apache.catalina.core.AprLifecycleListener -
                OpenSSL successfully initialized [OpenSSL 1.0.2m  2 Nov 2017]
2020-11-17 11:33:06.419 [main] INFO  o.a.c.core.ContainerBase.[Tomcat].[localhost].[/] -
                Initializing Spring embedded WebApplicationContext
2020-11-17 11:33:06.419 [main] INFO  org.springframework.web.context.ContextLoader -
                Root WebApplicationContext: initialization completed in 2432 ms
2020-11-17 11:33:06.735 [main] WARN  com.netflix.config.sources.URLConfigurationSource -
                No URLs will be polled as dynamic configuration sources.
2020-11-17 11:33:06.735 [main] INFO  com.netflix.config.sources.URLConfigurationSource -
                To enable URLs as dynamic configuration sources, define System property archaius.configurationSource.additionalUrls or make config.properties available on classpath.
2020-11-17 11:33:06.842 [main] WARN  com.netflix.config.sources.URLConfigurationSource -
                No URLs will be polled as dynamic configuration sources.
2020-11-17 11:33:06.843 [main] INFO  com.netflix.config.sources.URLConfigurationSource -
                To enable URLs as dynamic configuration sources, define System property archaius.configurationSource.additionalUrls or make config.properties available on classpath.
2020-11-17 11:33:07.029 [main] INFO  o.s.scheduling.concurrent.ThreadPoolTaskExecutor -
                Initializing ExecutorService 'applicationTaskExecutor'
2020-11-17 11:33:09.082 [main] INFO  org.springframework.cloud.commons.util.InetUtils -
                Cannot determine local hostname
2020-11-17 11:33:10.381 [main] INFO  org.springframework.cloud.commons.util.InetUtils -
                Cannot determine local hostname
2020-11-17 11:33:10.447 [main] WARN  o.s.c.l.c.BlockingLoadBalancerClientAutoConfiguration$BlockingLoadBalancerClientRibbonWarnLogger -
                You already have RibbonLoadBalancerClient on your classpath. It will be used by default. As Spring Cloud Ribbon is in maintenance mode. We recommend switching to BlockingLoadBalancerClient instead. In order to use it, set the value of `spring.cloud.loadbalancer.ribbon.enabled` to `false` or remove spring-cloud-starter-netflix-ribbon from your project.
2020-11-17 11:33:10.637 [main] INFO  o.s.cloud.netflix.eureka.InstanceInfoFactory -
                Setting initial instance status as: STARTING
2020-11-17 11:33:10.689 [main] INFO  com.netflix.discovery.DiscoveryClient -
                Initializing Eureka in region us-east-1
2020-11-17 11:33:10.690 [main] INFO  com.netflix.discovery.DiscoveryClient -
                Client configured to neither register nor query for data.
2020-11-17 11:33:10.701 [main] INFO  com.netflix.discovery.DiscoveryClient -
                Discovery Client initialized at timestamp 1605583990700 with initial instances count: 0
2020-11-17 11:33:10.707 [main] INFO  o.s.c.n.e.serviceregistry.EurekaServiceRegistry -
                Registering application SERVICE-SHOP with eureka with status UP
2020-11-17 11:33:10.709 [main] INFO  org.apache.coyote.http11.Http11NioProtocol -
                Starting ProtocolHandler ["http-nio-8510"]
2020-11-17 11:33:10.731 [main] INFO  o.s.boot.web.embedded.tomcat.TomcatWebServer -
                Tomcat started on port(s): 8510 (http) with context path ''
2020-11-17 11:33:10.732 [main] INFO  o.s.c.n.e.s.EurekaAutoServiceRegistration -
                Updating port to 8510
2020-11-17 11:33:11.917 [main] INFO  org.springframework.cloud.commons.util.InetUtils -
                Cannot determine local hostname
2020-11-17 11:33:11.952 [main] INFO  com.info.InfoApp -
                Started InfoApp in 11.293 seconds (JVM running for 12.459)
2020-11-17 11:47:22.424 [SpringContextShutdownHook] INFO  o.s.c.n.e.serviceregistry.EurekaServiceRegistry -
                Unregistering application SERVICE-SHOP with eureka with status DOWN
2020-11-17 11:47:22.585 [SpringContextShutdownHook] INFO  o.s.scheduling.concurrent.ThreadPoolTaskExecutor -
                Shutting down ExecutorService 'applicationTaskExecutor'
2020-11-17 11:47:22.589 [SpringContextShutdownHook] INFO  com.netflix.discovery.DiscoveryClient -
                Shutting down DiscoveryClient ...
2020-11-17 11:47:22.602 [SpringContextShutdownHook] INFO  com.netflix.discovery.DiscoveryClient -
                Completed shut down of DiscoveryClient
2020-11-17 11:47:30.317 [main] INFO  com.info.InfoApp -
                No active profile set, falling back to default profiles: default
2020-11-17 11:47:31.371 [main] WARN  org.mybatis.spring.mapper.ClassPathMapperScanner -
                Skipping MapperFactoryBean with name 'areaInfoMapper' and 'com.info.mapper.generate.AreaInfoMapper' mapperInterface. Bean already defined with the same name!
2020-11-17 11:47:31.372 [main] WARN  org.mybatis.spring.mapper.ClassPathMapperScanner -
                Skipping MapperFactoryBean with name 'authInfoMapper' and 'com.info.mapper.generate.AuthInfoMapper' mapperInterface. Bean already defined with the same name!
2020-11-17 11:47:31.372 [main] WARN  org.mybatis.spring.mapper.ClassPathMapperScanner -
                Skipping MapperFactoryBean with name 'cityInfoMapper' and 'com.info.mapper.generate.CityInfoMapper' mapperInterface. Bean already defined with the same name!
2020-11-17 11:47:31.373 [main] WARN  org.mybatis.spring.mapper.ClassPathMapperScanner -
                Skipping MapperFactoryBean with name 'photoInfoMapper' and 'com.info.mapper.generate.PhotoInfoMapper' mapperInterface. Bean already defined with the same name!
2020-11-17 11:47:31.373 [main] WARN  org.mybatis.spring.mapper.ClassPathMapperScanner -
                Skipping MapperFactoryBean with name 'provinceInfoMapper' and 'com.info.mapper.generate.ProvinceInfoMapper' mapperInterface. Bean already defined with the same name!
2020-11-17 11:47:31.373 [main] WARN  org.mybatis.spring.mapper.ClassPathMapperScanner -
                Skipping MapperFactoryBean with name 'regionMapper' and 'com.info.mapper.generate.RegionMapper' mapperInterface. Bean already defined with the same name!
2020-11-17 11:47:31.373 [main] WARN  org.mybatis.spring.mapper.ClassPathMapperScanner -
                Skipping MapperFactoryBean with name 'roleAuthInfoMapper' and 'com.info.mapper.generate.RoleAuthInfoMapper' mapperInterface. Bean already defined with the same name!
2020-11-17 11:47:31.374 [main] WARN  org.mybatis.spring.mapper.ClassPathMapperScanner -
                Skipping MapperFactoryBean with name 'roleInfoMapper' and 'com.info.mapper.generate.RoleInfoMapper' mapperInterface. Bean already defined with the same name!
2020-11-17 11:47:31.374 [main] WARN  org.mybatis.spring.mapper.ClassPathMapperScanner -
                Skipping MapperFactoryBean with name 'roleUserInfoMapper' and 'com.info.mapper.generate.RoleUserInfoMapper' mapperInterface. Bean already defined with the same name!
2020-11-17 11:47:31.374 [main] WARN  org.mybatis.spring.mapper.ClassPathMapperScanner -
                Skipping MapperFactoryBean with name 'streetInfoMapper' and 'com.info.mapper.generate.StreetInfoMapper' mapperInterface. Bean already defined with the same name!
2020-11-17 11:47:31.374 [main] WARN  org.mybatis.spring.mapper.ClassPathMapperScanner -
                Skipping MapperFactoryBean with name 'TUserMapper' and 'com.info.mapper.generate.TUserMapper' mapperInterface. Bean already defined with the same name!
2020-11-17 11:47:31.374 [main] WARN  org.mybatis.spring.mapper.ClassPathMapperScanner -
                Skipping MapperFactoryBean with name 'userInfosMapper' and 'com.info.mapper.generate.UserInfosMapper' mapperInterface. Bean already defined with the same name!
2020-11-17 11:47:31.464 [main] INFO  o.springframework.cloud.context.scope.GenericScope -
                BeanFactory id=616f9069-18ee-395a-a2ce-2e4d984c2e69
2020-11-17 11:47:31.895 [main] INFO  o.s.boot.web.embedded.tomcat.TomcatWebServer -
                Tomcat initialized with port(s): 8510 (http)
2020-11-17 11:47:31.906 [main] INFO  org.apache.coyote.http11.Http11NioProtocol -
                Initializing ProtocolHandler ["http-nio-8510"]
2020-11-17 11:47:31.907 [main] INFO  org.apache.catalina.core.StandardService -
                Starting service [Tomcat]
2020-11-17 11:47:31.907 [main] INFO  org.apache.catalina.core.StandardEngine -
                Starting Servlet engine: [Apache Tomcat/9.0.35]
2020-11-17 11:47:31.909 [main] INFO  org.apache.catalina.core.AprLifecycleListener -
                An older version [1.2.16] of the Apache Tomcat Native library is installed, while Tomcat recommends a minimum version of [1.2.23]
2020-11-17 11:47:31.909 [main] INFO  org.apache.catalina.core.AprLifecycleListener -
                Loaded Apache Tomcat Native library [1.2.16] using APR version [1.6.3].
2020-11-17 11:47:31.909 [main] INFO  org.apache.catalina.core.AprLifecycleListener -
                APR capabilities: IPv6 [true], sendfile [true], accept filters [false], random [true].
2020-11-17 11:47:31.910 [main] INFO  org.apache.catalina.core.AprLifecycleListener -
                APR/OpenSSL configuration: useAprConnector [false], useOpenSSL [true]
2020-11-17 11:47:32.975 [main] INFO  org.apache.catalina.core.AprLifecycleListener -
                OpenSSL successfully initialized [OpenSSL 1.0.2m  2 Nov 2017]
2020-11-17 11:47:33.436 [main] INFO  o.a.c.core.ContainerBase.[Tomcat].[localhost].[/] -
                Initializing Spring embedded WebApplicationContext
2020-11-17 11:47:33.436 [main] INFO  org.springframework.web.context.ContextLoader -
                Root WebApplicationContext: initialization completed in 3090 ms
2020-11-17 11:47:33.728 [main] WARN  com.netflix.config.sources.URLConfigurationSource -
                No URLs will be polled as dynamic configuration sources.
2020-11-17 11:47:33.729 [main] INFO  com.netflix.config.sources.URLConfigurationSource -
                To enable URLs as dynamic configuration sources, define System property archaius.configurationSource.additionalUrls or make config.properties available on classpath.
2020-11-17 11:47:33.735 [main] WARN  com.netflix.config.sources.URLConfigurationSource -
                No URLs will be polled as dynamic configuration sources.
2020-11-17 11:47:33.735 [main] INFO  com.netflix.config.sources.URLConfigurationSource -
                To enable URLs as dynamic configuration sources, define System property archaius.configurationSource.additionalUrls or make config.properties available on classpath.
2020-11-17 11:47:33.891 [main] INFO  o.s.scheduling.concurrent.ThreadPoolTaskExecutor -
                Initializing ExecutorService 'applicationTaskExecutor'
2020-11-17 11:47:35.752 [main] INFO  org.springframework.cloud.commons.util.InetUtils -
                Cannot determine local hostname
2020-11-17 11:47:37.157 [main] INFO  org.springframework.cloud.commons.util.InetUtils -
                Cannot determine local hostname
2020-11-17 11:47:37.186 [main] WARN  o.s.c.l.c.BlockingLoadBalancerClientAutoConfiguration$BlockingLoadBalancerClientRibbonWarnLogger -
                You already have RibbonLoadBalancerClient on your classpath. It will be used by default. As Spring Cloud Ribbon is in maintenance mode. We recommend switching to BlockingLoadBalancerClient instead. In order to use it, set the value of `spring.cloud.loadbalancer.ribbon.enabled` to `false` or remove spring-cloud-starter-netflix-ribbon from your project.
2020-11-17 11:47:37.344 [main] INFO  o.s.cloud.netflix.eureka.InstanceInfoFactory -
                Setting initial instance status as: STARTING
2020-11-17 11:47:37.374 [main] INFO  com.netflix.discovery.DiscoveryClient -
                Initializing Eureka in region us-east-1
2020-11-17 11:47:37.375 [main] INFO  com.netflix.discovery.DiscoveryClient -
                Client configured to neither register nor query for data.
2020-11-17 11:47:37.383 [main] INFO  com.netflix.discovery.DiscoveryClient -
                Discovery Client initialized at timestamp 1605584857382 with initial instances count: 0
2020-11-17 11:47:37.388 [main] INFO  o.s.c.n.e.serviceregistry.EurekaServiceRegistry -
                Registering application SERVICE-SHOP with eureka with status UP
2020-11-17 11:47:37.390 [main] INFO  org.apache.coyote.http11.Http11NioProtocol -
                Starting ProtocolHandler ["http-nio-8510"]
2020-11-17 11:47:37.415 [main] INFO  o.s.boot.web.embedded.tomcat.TomcatWebServer -
                Tomcat started on port(s): 8510 (http) with context path ''
2020-11-17 11:47:37.416 [main] INFO  o.s.c.n.e.s.EurekaAutoServiceRegistration -
                Updating port to 8510
2020-11-17 11:47:38.609 [main] INFO  org.springframework.cloud.commons.util.InetUtils -
                Cannot determine local hostname
2020-11-17 11:47:38.626 [main] INFO  com.info.InfoApp -
                Started InfoApp in 11.712 seconds (JVM running for 12.812)
2020-11-17 13:03:45.738 [SpringContextShutdownHook] INFO  o.s.c.n.e.serviceregistry.EurekaServiceRegistry -
                Unregistering application SERVICE-SHOP with eureka with status DOWN
2020-11-17 13:03:45.960 [SpringContextShutdownHook] INFO  o.s.scheduling.concurrent.ThreadPoolTaskExecutor -
                Shutting down ExecutorService 'applicationTaskExecutor'
2020-11-17 13:03:45.962 [SpringContextShutdownHook] INFO  com.netflix.discovery.DiscoveryClient -
                Shutting down DiscoveryClient ...
2020-11-17 13:03:45.976 [SpringContextShutdownHook] INFO  com.netflix.discovery.DiscoveryClient -
                Completed shut down of DiscoveryClient
